  DDL_Procesor.cpp
d:\skola\bakalarka\aplikace\ddl_procesor\framework\common\ccrcstatic.h(68): warning C4018: '<': signed/unsigned mismatch
d:\skola\bakalarka\aplikace\ddl_procesor\framework\common\cstring.h(171): warning C4996: 'sprintf': This function or variable may be unsafe. Consider using sprintf_s instead. To disable deprecation, use _CRT_SECURE_NO_WARNINGS. See online help for details.
  c:\program files (x86)\windows kits\10\include\10.0.10240.0\ucrt\stdio.h(1769): note: see declaration of 'sprintf'
d:\skola\bakalarka\aplikace\ddl_procesor\framework\common\cstring.h(210): warning C4267: 'initializing': conversion from 'size_t' to 'int', possible loss of data
d:\skola\bakalarka\aplikace\ddl_procesor\framework\common\stream\ccharstream.h(118): warning C4244: '=': conversion from 'const common::llong' to 'common::uint', possible loss of data
d:\skola\bakalarka\aplikace\ddl_procesor\framework\common\cbitstring.h(477): warning C4018: '<': signed/unsigned mismatch
d:\skola\bakalarka\aplikace\ddl_procesor\framework\dstruct\paged\core\cnode.h(130): warning C4800: 'unsigned int': forcing value to bool 'true' or 'false' (performance warning)
d:\skola\bakalarka\aplikace\ddl_procesor\framework\dstruct\paged\core\cmemorypool.h(110): warning C4244: '=': conversion from '__int64' to 'unsigned int', possible loss of data
d:\skola\bakalarka\aplikace\ddl_procesor\framework\dstruct\paged\core\cdstructheader.h(250): warning C4996: 'strncpy': This function or variable may be unsafe. Consider using strncpy_s instead. To disable deprecation, use _CRT_SECURE_NO_WARNINGS. See online help for details.
  c:\program files (x86)\windows kits\10\include\10.0.10240.0\ucrt\string.h(346): note: see declaration of 'strncpy'
d:\skola\bakalarka\aplikace\ddl_procesor\framework\dstruct\paged\core\cdstructheader.h(490): warning C4996: 'strcpy': This function or variable may be unsafe. Consider using strcpy_s instead. To disable deprecation, use _CRT_SECURE_NO_WARNINGS. See online help for details.
  c:\program files (x86)\windows kits\10\include\10.0.10240.0\ucrt\string.h(119): note: see declaration of 'strcpy'
d:\skola\bakalarka\aplikace\ddl_procesor\framework\common\datatype\tuple\ctuple.h(377): warning C4244: '=': conversion from 'unsigned int' to 'float', possible loss of data
d:\skola\bakalarka\aplikace\ddl_procesor\framework\common\datatype\tuple\ctuple.h(378): warning C4244: '=': conversion from 'unsigned int' to 'float', possible loss of data
d:\skola\bakalarka\aplikace\ddl_procesor\framework\common\datatype\tuple\ctuple.h(383): warning C4244: '=': conversion from 'unsigned int' to 'float', possible loss of data
d:\skola\bakalarka\aplikace\ddl_procesor\framework\common\datatype\tuple\ctuple.h(389): warning C4244: '=': conversion from 'unsigned int' to 'float', possible loss of data
d:\skola\bakalarka\aplikace\ddl_procesor\framework\common\datatype\tuple\ctuple.h(390): warning C4244: '=': conversion from 'unsigned int' to 'float', possible loss of data
d:\skola\bakalarka\aplikace\ddl_procesor\framework\common\datatype\tuple\ctuple.h(406): warning C4244: '=': conversion from 'int' to 'float', possible loss of data
d:\skola\bakalarka\aplikace\ddl_procesor\framework\common\datatype\tuple\ctuple.h(407): warning C4244: '=': conversion from 'double' to 'float', possible loss of data
d:\skola\bakalarka\aplikace\ddl_procesor\framework\common\datatype\tuple\ctuple.h(527): warning C4244: '=': conversion from 'unsigned int' to 'float', possible loss of data
d:\skola\bakalarka\aplikace\ddl_procesor\framework\common\datatype\tuple\ctuple.h(528): warning C4244: '=': conversion from 'unsigned int' to 'float', possible loss of data
d:\skola\bakalarka\aplikace\ddl_procesor\framework\common\datatype\tuple\ctuple.h(533): warning C4244: '=': conversion from 'unsigned int' to 'float', possible loss of data
d:\skola\bakalarka\aplikace\ddl_procesor\framework\common\datatype\tuple\ctuple.h(538): warning C4244: '=': conversion from 'unsigned int' to 'float', possible loss of data
d:\skola\bakalarka\aplikace\ddl_procesor\framework\common\datatype\tuple\ctuple.h(539): warning C4244: '=': conversion from 'unsigned int' to 'float', possible loss of data
d:\skola\bakalarka\aplikace\ddl_procesor\framework\common\datatype\tuple\ctuple.h(548): warning C4244: '=': conversion from 'int' to 'float', possible loss of data
d:\skola\bakalarka\aplikace\ddl_procesor\framework\common\datatype\tuple\ctuple.h(549): warning C4244: '=': conversion from 'double' to 'float', possible loss of data
d:\skola\bakalarka\aplikace\ddl_procesor\framework\common\datatype\tuple\ctuple.h(670): warning C4018: '<=': signed/unsigned mismatch
d:\skola\bakalarka\aplikace\ddl_procesor\framework\common\datatype\tuple\ctuple.h(1173): warning C4996: 'sprintf': This function or variable may be unsafe. Consider using sprintf_s instead. To disable deprecation, use _CRT_SECURE_NO_WARNINGS. See online help for details.
  c:\program files (x86)\windows kits\10\include\10.0.10240.0\ucrt\stdio.h(1769): note: see declaration of 'sprintf'
d:\skola\bakalarka\aplikace\ddl_procesor\framework\common\datatype\tuple\ctuple.h(1176): warning C4996: 'sprintf': This function or variable may be unsafe. Consider using sprintf_s instead. To disable deprecation, use _CRT_SECURE_NO_WARNINGS. See online help for details.
  c:\program files (x86)\windows kits\10\include\10.0.10240.0\ucrt\stdio.h(1769): note: see declaration of 'sprintf'
d:\skola\bakalarka\aplikace\ddl_procesor\framework\common\datatype\tuple\ctuple.h(1179): warning C4996: 'sprintf': This function or variable may be unsafe. Consider using sprintf_s instead. To disable deprecation, use _CRT_SECURE_NO_WARNINGS. See online help for details.
  c:\program files (x86)\windows kits\10\include\10.0.10240.0\ucrt\stdio.h(1769): note: see declaration of 'sprintf'
d:\skola\bakalarka\aplikace\ddl_procesor\framework\common\datatype\tuple\ctuple.h(1182): warning C4477: 'sprintf' : format string '%f' requires an argument of type 'double', but variadic argument 1 has type 'int'
d:\skola\bakalarka\aplikace\ddl_procesor\framework\common\datatype\tuple\ctuple.h(1182): warning C4996: 'sprintf': This function or variable may be unsafe. Consider using sprintf_s instead. To disable deprecation, use _CRT_SECURE_NO_WARNINGS. See online help for details.
  c:\program files (x86)\windows kits\10\include\10.0.10240.0\ucrt\stdio.h(1769): note: see declaration of 'sprintf'
d:\skola\bakalarka\aplikace\ddl_procesor\framework\common\datatype\tuple\ctuple.h(2322): warning C4552: '<<': operator has no effect; expected operator with side-effect
d:\skola\bakalarka\aplikace\ddl_procesor\framework\common\datatype\tuple\ctuple.h(2332): warning C4552: '<<': operator has no effect; expected operator with side-effect
d:\skola\bakalarka\aplikace\ddl_procesor\framework\common\datatype\tuple\ctuple.h(2348): warning C4018: '<': signed/unsigned mismatch
d:\skola\bakalarka\aplikace\ddl_procesor\framework\dstruct\paged\core\cdsfalsesetupexception.h(29): warning C4996: 'strcpy': This function or variable may be unsafe. Consider using strcpy_s instead. To disable deprecation, use _CRT_SECURE_NO_WARNINGS. See online help for details.
  c:\program files (x86)\windows kits\10\include\10.0.10240.0\ucrt\string.h(119): note: see declaration of 'strcpy'
d:\skola\bakalarka\aplikace\ddl_procesor\framework\dstruct\paged\core\cdscriticalexception.h(30): warning C4996: 'strcpy': This function or variable may be unsafe. Consider using strcpy_s instead. To disable deprecation, use _CRT_SECURE_NO_WARNINGS. See online help for details.
  c:\program files (x86)\windows kits\10\include\10.0.10240.0\ucrt\string.h(119): note: see declaration of 'strcpy'
d:\skola\bakalarka\aplikace\ddl_procesor\framework\dstruct\paged\queryprocessing\crangequeryconfig.h(22): warning C4091: 'typedef ': ignored on left of 'dstruct::paged::QueryType::QueryTypes' when no variable is declared
d:\skola\bakalarka\aplikace\ddl_procesor\framework\dstruct\paged\queryprocessing\cdbfslevel.h(42): warning C4101: 'size': unreferenced local variable
d:\skola\bakalarka\aplikace\ddl_procesor\framework\dstruct\paged\core\cnodecache.h(203): warning C4996: 'strcpy': This function or variable may be unsafe. Consider using strcpy_s instead. To disable deprecation, use _CRT_SECURE_NO_WARNINGS. See online help for details.
  c:\program files (x86)\windows kits\10\include\10.0.10240.0\ucrt\string.h(119): note: see declaration of 'strcpy'
d:\skola\bakalarka\aplikace\ddl_procesor\framework\dstruct\paged\core\cnodecache.h(245): warning C4996: 'strcpy': This function or variable may be unsafe. Consider using strcpy_s instead. To disable deprecation, use _CRT_SECURE_NO_WARNINGS. See online help for details.
  c:\program files (x86)\windows kits\10\include\10.0.10240.0\ucrt\string.h(119): note: see declaration of 'strcpy'
d:\skola\bakalarka\aplikace\ddl_procesor\framework\dstruct\paged\core\cnodecache.h(364): warning C4267: 'initializing': conversion from 'size_t' to 'int', possible loss of data
d:\skola\bakalarka\aplikace\ddl_procesor\framework\dstruct\paged\core\cnodecache.h(400): warning C4018: '>': signed/unsigned mismatch
d:\skola\bakalarka\aplikace\ddl_procesor\framework\dstruct\paged\core\cnodecache.h(369): warning C4996: 'strncpy': This function or variable may be unsafe. Consider using strncpy_s instead. To disable deprecation, use _CRT_SECURE_NO_WARNINGS. See online help for details.
  c:\program files (x86)\windows kits\10\include\10.0.10240.0\ucrt\string.h(346): note: see declaration of 'strncpy'
d:\skola\bakalarka\aplikace\ddl_procesor\framework\dstruct\paged\core\cnodecache.h(566): warning C4244: 'initializing': conversion from 'common::llong' to 'unsigned int', possible loss of data
d:\skola\bakalarka\aplikace\ddl_procesor\framework\dstruct\paged\core\cnodecache.h(547): warning C4996: 'strcpy': This function or variable may be unsafe. Consider using strcpy_s instead. To disable deprecation, use _CRT_SECURE_NO_WARNINGS. See online help for details.
  c:\program files (x86)\windows kits\10\include\10.0.10240.0\ucrt\string.h(119): note: see declaration of 'strcpy'
d:\skola\bakalarka\aplikace\ddl_procesor\framework\dstruct\paged\core\cnodecache.h(548): warning C4996: 'strcat': This function or variable may be unsafe. Consider using strcat_s instead. To disable deprecation, use _CRT_SECURE_NO_WARNINGS. See online help for details.
  c:\program files (x86)\windows kits\10\include\10.0.10240.0\ucrt\string.h(90): note: see declaration of 'strcat'
d:\skola\bakalarka\aplikace\ddl_procesor\framework\dstruct\paged\core\cnodecache.h(606): warning C4244: '=': conversion from 'common::llong' to 'unsigned int', possible loss of data
d:\skola\bakalarka\aplikace\ddl_procesor\framework\dstruct\paged\core\cnodecache.h(593): warning C4996: 'strcpy': This function or variable may be unsafe. Consider using strcpy_s instead. To disable deprecation, use _CRT_SECURE_NO_WARNINGS. See online help for details.
  c:\program files (x86)\windows kits\10\include\10.0.10240.0\ucrt\string.h(119): note: see declaration of 'strcpy'
d:\skola\bakalarka\aplikace\ddl_procesor\framework\dstruct\paged\core\cnodecache.h(594): warning C4996: 'strcat': This function or variable may be unsafe. Consider using strcat_s instead. To disable deprecation, use _CRT_SECURE_NO_WARNINGS. See online help for details.
  c:\program files (x86)\windows kits\10\include\10.0.10240.0\ucrt\string.h(90): note: see declaration of 'strcat'
d:\skola\bakalarka\aplikace\ddl_procesor\framework\dstruct\paged\core\cnodecache.h(626): warning C4996: 'strcpy': This function or variable may be unsafe. Consider using strcpy_s instead. To disable deprecation, use _CRT_SECURE_NO_WARNINGS. See online help for details.
  c:\program files (x86)\windows kits\10\include\10.0.10240.0\ucrt\string.h(119): note: see declaration of 'strcpy'
d:\skola\bakalarka\aplikace\ddl_procesor\framework\dstruct\paged\core\cnodecache.h(627): warning C4996: 'strcat': This function or variable may be unsafe. Consider using strcat_s instead. To disable deprecation, use _CRT_SECURE_NO_WARNINGS. See online help for details.
  c:\program files (x86)\windows kits\10\include\10.0.10240.0\ucrt\string.h(90): note: see declaration of 'strcat'
d:\skola\bakalarka\aplikace\ddl_procesor\framework\dstruct\paged\core\cnodecache.h(723): warning C4244: 'argument': conversion from 'common::llong' to 'unsigned int', possible loss of data
d:\skola\bakalarka\aplikace\ddl_procesor\framework\dstruct\paged\core\cnodecache.h(725): warning C4244: 'argument': conversion from 'common::llong' to 'unsigned int', possible loss of data
d:\skola\bakalarka\aplikace\ddl_procesor\framework\dstruct\paged\core\cnodecache.h(787): warning C4244: 'argument': conversion from 'common::llong' to 'unsigned int', possible loss of data
d:\skola\bakalarka\aplikace\ddl_procesor\framework\dstruct\paged\core\cnodecache.h(789): warning C4244: 'argument': conversion from 'common::llong' to 'unsigned int', possible loss of data
d:\skola\bakalarka\aplikace\ddl_procesor\framework\dstruct\paged\rtree\crtreeconst.h(27): warning C4091: 'typedef ': ignored on left of 'cQueryType::QueryType' when no variable is declared
d:\skola\bakalarka\aplikace\ddl_procesor\framework\dstruct\paged\rtree\crtreeconst.h(32): warning C4091: 'typedef ': ignored on left of 'Find::FindMBR' when no variable is declared
d:\skola\bakalarka\aplikace\ddl_procesor\framework\dstruct\paged\rtree\crtreeconst.h(38): warning C4091: 'typedef ': ignored on left of 'Compression::Comp' when no variable is declared
d:\skola\bakalarka\aplikace\ddl_procesor\framework\dstruct\paged\rtree\crtreeconst.h(44): warning C4091: 'typedef ': ignored on left of 'Reduction::Reduce' when no variable is declared
d:\skola\bakalarka\aplikace\ddl_procesor\framework\dstruct\paged\rtree\crtreeconst.h(50): warning C4091: 'typedef ': ignored on left of 'Split::Splits' when no variable is declared
d:\skola\bakalarka\aplikace\ddl_procesor\framework\common\datatype\tuple\chntuple.h(285): warning C4018: '<': signed/unsigned mismatch
d:\skola\bakalarka\aplikace\ddl_procesor\framework\common\datatype\tuple\chntuple.h(301): warning C4018: '<': signed/unsigned mismatch
d:\skola\bakalarka\aplikace\ddl_procesor\framework\common\datatype\tuple\chntuple.h(321): warning C4018: '<': signed/unsigned mismatch
d:\skola\bakalarka\aplikace\ddl_procesor\framework\common\datatype\tuple\cmbrectangle.h(51): warning C4091: 'typedef ': ignored on left of 'common::datatype::tuple::Processing::Compare' when no variable is declared
d:\skola\bakalarka\aplikace\ddl_procesor\framework\common\data\cdatacollection.h(16): warning C4091: 'typedef ': ignored on left of 'cCollection::Collect' when no variable is declared
d:\skola\bakalarka\aplikace\ddl_procesor\framework\common\data\cdatacollection.h(21): warning C4091: 'typedef ': ignored on left of 'Computer::Collect' when no variable is declared
d:\skola\bakalarka\aplikace\ddl_procesor\framework\common\data\cdatacollection.h(98): warning C4996: 'strcpy': This function or variable may be unsafe. Consider using strcpy_s instead. To disable deprecation, use _CRT_SECURE_NO_WARNINGS. See online help for details.
  c:\program files (x86)\windows kits\10\include\10.0.10240.0\ucrt\string.h(119): note: see declaration of 'strcpy'
d:\skola\bakalarka\aplikace\ddl_procesor\framework\common\data\cdatacollection.h(99): warning C4996: 'strcpy': This function or variable may be unsafe. Consider using strcpy_s instead. To disable deprecation, use _CRT_SECURE_NO_WARNINGS. See online help for details.
  c:\program files (x86)\windows kits\10\include\10.0.10240.0\ucrt\string.h(119): note: see declaration of 'strcpy'
d:\skola\bakalarka\aplikace\ddl_procesor\framework\common\data\cdatacollection.h(100): warning C4996: 'strcpy': This function or variable may be unsafe. Consider using strcpy_s instead. To disable deprecation, use _CRT_SECURE_NO_WARNINGS. See online help for details.
  c:\program files (x86)\windows kits\10\include\10.0.10240.0\ucrt\string.h(119): note: see declaration of 'strcpy'
d:\skola\bakalarka\aplikace\ddl_procesor\framework\common\data\cdatacollection.h(101): warning C4996: 'strcpy': This function or variable may be unsafe. Consider using strcpy_s instead. To disable deprecation, use _CRT_SECURE_NO_WARNINGS. See online help for details.
  c:\program files (x86)\windows kits\10\include\10.0.10240.0\ucrt\string.h(119): note: see declaration of 'strcpy'
d:\skola\bakalarka\aplikace\ddl_procesor\framework\common\data\cdatacollection.h(143): warning C4996: 'strcpy': This function or variable may be unsafe. Consider using strcpy_s instead. To disable deprecation, use _CRT_SECURE_NO_WARNINGS. See online help for details.
  c:\program files (x86)\windows kits\10\include\10.0.10240.0\ucrt\string.h(119): note: see declaration of 'strcpy'
d:\skola\bakalarka\aplikace\ddl_procesor\framework\common\data\cdatacollection.h(144): warning C4996: 'strcpy': This function or variable may be unsafe. Consider using strcpy_s instead. To disable deprecation, use _CRT_SECURE_NO_WARNINGS. See online help for details.
  c:\program files (x86)\windows kits\10\include\10.0.10240.0\ucrt\string.h(119): note: see declaration of 'strcpy'
d:\skola\bakalarka\aplikace\ddl_procesor\framework\common\data\cdatacollection.h(145): warning C4996: 'strcpy': This function or variable may be unsafe. Consider using strcpy_s instead. To disable deprecation, use _CRT_SECURE_NO_WARNINGS. See online help for details.
  c:\program files (x86)\windows kits\10\include\10.0.10240.0\ucrt\string.h(119): note: see declaration of 'strcpy'
d:\skola\bakalarka\aplikace\ddl_procesor\framework\common\data\cdatacollection.h(146): warning C4996: 'strcpy': This function or variable may be unsafe. Consider using strcpy_s instead. To disable deprecation, use _CRT_SECURE_NO_WARNINGS. See online help for details.
  c:\program files (x86)\windows kits\10\include\10.0.10240.0\ucrt\string.h(119): note: see declaration of 'strcpy'
d:\skola\bakalarka\aplikace\ddl_procesor\ddl_procesor\ctranslatorcreate.h(304): warning C4267: 'argument': conversion from 'size_t' to 'unsigned int', possible loss of data
d:\skola\bakalarka\aplikace\ddl_procesor\ddl_procesor\ctranslatorcreate.h(322): warning C4267: 'argument': conversion from 'size_t' to 'unsigned int', possible loss of data
d:\skola\bakalarka\aplikace\ddl_procesor\ddl_procesor\ctranslatorcreate.h(343): warning C4267: 'argument': conversion from 'size_t' to 'unsigned int', possible loss of data
d:\skola\bakalarka\aplikace\ddl_procesor\ddl_procesor\ctranslatorcreate.h(372): warning C4267: 'argument': conversion from 'size_t' to 'unsigned int', possible loss of data
d:\skola\bakalarka\aplikace\ddl_procesor\ddl_procesor\ccompletebtree.h(13): warning C4042: 'INMEMCACHE_SIZE': has bad storage class
  d:\skola\bakalarka\aplikace\ddl_procesor\ddl_procesor\ccompletebtree.h(16): note: see reference to class template instantiation 'cCompleteBTree<TKey>' being compiled
d:\skola\bakalarka\aplikace\ddl_procesor\ddl_procesor\ccompletebtree.h(14): warning C4042: 'INMEMCACHE_SIZE': has bad storage class
d:\skola\bakalarka\aplikace\ddl_procesor\ddl_procesor\ccompletebtree.h(18): warning C4042: 'inMemCacheSize': has bad storage class
d:\skola\bakalarka\aplikace\ddl_procesor\ddl_procesor\ccompletebtree.h(24): warning C4042: 'INMEMCACHE_SIZE': has bad storage class
d:\skola\bakalarka\aplikace\ddl_procesor\ddl_procesor\crecordgeneratorvar.h(44): warning C4101: 'positionInTable': unreferenced local variable
d:\skola\bakalarka\aplikace\ddl_procesor\ddl_procesor\crecordgeneratorfix.h(45): warning C4101: 'positionInTable': unreferenced local variable
d:\skola\bakalarka\aplikace\ddl_procesor\ddl_procesor\ctable.h(82): warning C4042: 'inMemCacheSize': has bad storage class
d:\skola\bakalarka\aplikace\ddl_procesor\ddl_procesor\ctable.h(83): warning C4042: 'inMemCacheSize': has bad storage class
d:\skola\bakalarka\aplikace\ddl_procesor\ddl_procesor\ctable.h(84): warning C4042: 'structure': has bad storage class
d:\skola\bakalarka\aplikace\ddl_procesor\ddl_procesor\ctable.h(84): warning C4042: 'inMemCacheSize': has bad storage class
d:\skola\bakalarka\aplikace\ddl_procesor\ddl_procesor\ctable.h(101): warning C4042: 'inMemCacheSize': has bad storage class
d:\skola\bakalarka\aplikace\ddl_procesor\ddl_procesor\ctable.h(117): warning C4042: 'inMemCacheSize': has bad storage class
d:\skola\bakalarka\aplikace\ddl_procesor\ddl_procesor\ctable.h(129): warning C4042: 'inMemCacheSize': has bad storage class
d:\skola\bakalarka\aplikace\ddl_procesor\ddl_procesor\ctable.h(329): warning C4267: '=': conversion from 'size_t' to 'int', possible loss of data
d:\skola\bakalarka\aplikace\ddl_procesor\ddl_procesor\ctable.h(387): warning C4042: 'structure': has bad storage class
d:\skola\bakalarka\aplikace\ddl_procesor\ddl_procesor\ctable.h(387): warning C4042: 'inMemCacheSize': has bad storage class
d:\skola\bakalarka\aplikace\ddl_procesor\ddl_procesor\ctable.h(423): warning C4267: 'initializing': conversion from 'size_t' to 'int', possible loss of data
d:\skola\bakalarka\aplikace\ddl_procesor\ddl_procesor\ctable.h(789): warning C4800: 'int': forcing value to bool 'true' or 'false' (performance warning)
d:\skola\bakalarka\aplikace\ddl_procesor\ddl_procesor\ctable.h(813): warning C4800: 'int': forcing value to bool 'true' or 'false' (performance warning)
d:\skola\bakalarka\aplikace\ddl_procesor\ddl_procesor\ctable.h(1115): warning C4244: 'initializing': conversion from 'wchar_t' to 'char', possible loss of data
d:\skola\bakalarka\aplikace\ddl_procesor\ddl_procesor\ctable.h(1141): warning C4244: 'initializing': conversion from 'wchar_t' to 'char', possible loss of data
d:\skola\bakalarka\aplikace\ddl_procesor\ddl_procesor\ctable.h(1166): warning C4244: 'initializing': conversion from 'wchar_t' to 'char', possible loss of data
d:\skola\bakalarka\aplikace\ddl_procesor\ddl_procesor\ctable.h(1195): warning C4244: 'initializing': conversion from 'wchar_t' to 'char', possible loss of data
d:\skola\bakalarka\aplikace\ddl_procesor\ddl_procesor\ctable.h(1221): warning C4244: 'initializing': conversion from 'wchar_t' to 'char', possible loss of data
d:\skola\bakalarka\aplikace\ddl_procesor\ddl_procesor\ctable.h(1239): warning C4018: '<': signed/unsigned mismatch
d:\skola\bakalarka\aplikace\ddl_procesor\ddl_procesor\ctable.h(1267): warning C4244: 'initializing': conversion from 'wchar_t' to 'char', possible loss of data
d:\skola\bakalarka\aplikace\ddl_procesor\ddl_procesor\ctable.h(1306): warning C4018: '<': signed/unsigned mismatch
d:\skola\bakalarka\aplikace\ddl_procesor\ddl_procesor\ctable.h(1365): warning C4018: '<': signed/unsigned mismatch
d:\skola\bakalarka\aplikace\ddl_procesor\ddl_procesor\ctable.h(1422): warning C4018: '<': signed/unsigned mismatch
d:\skola\bakalarka\aplikace\ddl_procesor\ddl_procesor\ctable.h(1442): warning C4042: 'inMemCacheSize': has bad storage class
d:\skola\bakalarka\aplikace\ddl_procesor\ddl_procesor\ctable.h(1559): warning C4800: 'int': forcing value to bool 'true' or 'false' (performance warning)
d:\skola\bakalarka\aplikace\ddl_procesor\ddl_procesor\ctable.h(1598): warning C4800: 'int': forcing value to bool 'true' or 'false' (performance warning)
d:\skola\bakalarka\aplikace\ddl_procesor\ddl_procesor\ctable.h(1734): warning C4800: 'int': forcing value to bool 'true' or 'false' (performance warning)
d:\skola\bakalarka\aplikace\ddl_procesor\ddl_procesor\ctable.h(1772): warning C4800: 'int': forcing value to bool 'true' or 'false' (performance warning)
d:\skola\bakalarka\aplikace\ddl_procesor\ddl_procesor\ddl_procesor.cpp(19): warning C4042: 'inMemCacheSize': has bad storage class
d:\skola\bakalarka\aplikace\ddl_procesor\ddl_procesor\ddl_procesor.cpp(73): warning C4244: 'initializing': conversion from 'double' to 'common::uint', possible loss of data
d:\skola\bakalarka\aplikace\ddl_procesor\framework\common\memorystructures\carray.h(137): warning C4018: '<': signed/unsigned mismatch
  d:\skola\bakalarka\aplikace\ddl_procesor\framework\common\memorystructures\carray.h(136): note: while compiling class template member function 'const char cArray<char>::operator [](const int) const'
  d:\skola\bakalarka\aplikace\ddl_procesor\framework\common\cstring.h(119): note: see reference to function template instantiation 'const char cArray<char>::operator [](const int) const' being compiled
  d:\skola\bakalarka\aplikace\ddl_procesor\framework\common\cstring.h(109): note: see reference to class template instantiation 'cArray<char>' being compiled
d:\skola\bakalarka\aplikace\ddl_procesor\framework\common\memorystructures\carray.h(121): warning C4018: '<': signed/unsigned mismatch
  d:\skola\bakalarka\aplikace\ddl_procesor\framework\common\memorystructures\carray.h(120): note: while compiling class template member function 'char &cArray<char>::operator [](const int)'
  d:\skola\bakalarka\aplikace\ddl_procesor\framework\common\cstring.h(114): note: see reference to function template instantiation 'char &cArray<char>::operator [](const int)' being compiled
d:\skola\bakalarka\aplikace\ddl_procesor\framework\common\datatype\cbasictype.h(555): warning C4267: '=': conversion from 'size_t' to 'unsigned int', possible loss of data
  d:\skola\bakalarka\aplikace\ddl_procesor\framework\common\datatype\cbasictype.h(553): note: while compiling class template member function 'char *cBasicType<unsigned int>::ToString(const unsigned int &,char *,unsigned int &)'
  d:\skola\bakalarka\aplikace\ddl_procesor\framework\common\datatype\cbasictype.h(736): note: see reference to function template instantiation 'char *cBasicType<unsigned int>::ToString(const unsigned int &,char *,unsigned int &)' being compiled
  d:\skola\bakalarka\aplikace\ddl_procesor\framework\common\datatype\cbasictype.h(699): note: see reference to class template instantiation 'cBasicType<unsigned int>' being compiled
d:\skola\bakalarka\aplikace\ddl_procesor\framework\common\datatype\cbasictype.h(554): warning C4996: 'sprintf': This function or variable may be unsafe. Consider using sprintf_s instead. To disable deprecation, use _CRT_SECURE_NO_WARNINGS. See online help for details.
  c:\program files (x86)\windows kits\10\include\10.0.10240.0\ucrt\stdio.h(1769): note: see declaration of 'sprintf'
d:\skola\bakalarka\aplikace\ddl_procesor\framework\common\memorystructures\chashtable.h(111): warning C4244: 'initializing': conversion from '__int64' to 'common::uint', possible loss of data
  d:\skola\bakalarka\aplikace\ddl_procesor\framework\common\memorystructures\chashtable.h(90): note: while compiling class template member function 'common::memorystructures::cHashTable<cUInt,cUInt>::cHashTable(unsigned int,char *,const common::datatype::cDTDescriptor *,const common::datatype::cDTDescriptor *)'
  d:\skola\bakalarka\aplikace\ddl_procesor\framework\dstruct\paged\queryprocessing\cdbfslevel.h(69): note: see reference to function template instantiation 'common::memorystructures::cHashTable<cUInt,cUInt>::cHashTable(unsigned int,char *,const common::datatype::cDTDescriptor *,const common::datatype::cDTDescriptor *)' being compiled
  d:\skola\bakalarka\aplikace\ddl_procesor\framework\dstruct\paged\queryprocessing\cdbfslevel.h(51): note: see reference to class template instantiation 'common::memorystructures::cHashTable<cUInt,cUInt>' being compiled
d:\skola\bakalarka\aplikace\ddl_procesor\framework\common\datatype\cbasictype.h(463): warning C4311: 'type cast': pointer truncation from 'char *' to 'common::uint'
  d:\skola\bakalarka\aplikace\ddl_procesor\framework\common\datatype\cbasictype.h(449): note: while compiling class template member function 'common::uint cBasicType<char *>::HashValue(const char *,common::uint,common::uint)'
  d:\skola\bakalarka\aplikace\ddl_procesor\framework\common\datatype\ccharstring.h(10): note: see reference to class template instantiation 'cBasicType<char *>' being compiled
d:\skola\bakalarka\aplikace\ddl_procesor\framework\common\datatype\cbasictype.h(463): warning C4302: 'type cast': truncation from 'char *' to 'common::uint'
d:\skola\bakalarka\aplikace\ddl_procesor\framework\common\datatype\cbasictype.h(463): warning C4311: 'type cast': pointer truncation from 'cDataType *' to 'common::uint'
  d:\skola\bakalarka\aplikace\ddl_procesor\framework\common\datatype\cbasictype.h(449): note: while compiling class template member function 'common::uint cBasicType<cDataType *>::HashValue(const char *,common::uint,common::uint)'
  d:\skola\bakalarka\aplikace\ddl_procesor\ddl_procesor\ccolumn.h(32): note: see reference to class template instantiation 'cBasicType<cDataType *>' being compiled
d:\skola\bakalarka\aplikace\ddl_procesor\framework\common\datatype\cbasictype.h(463): warning C4302: 'type cast': truncation from 'cDataType *' to 'common::uint'
d:\skola\bakalarka\aplikace\ddl_procesor\framework\dstruct\paged\b+tree\ccommonb+tree.h(721): warning C4018: '>=': signed/unsigned mismatch
  d:\skola\bakalarka\aplikace\ddl_procesor\framework\dstruct\paged\b+tree\ccommonb+tree.h(545): note: while compiling class template member function 'bool dstruct::paged::bptree::cCommonBpTree<dstruct::paged::bptree::cBpTreeNode<TKey>,dstruct::paged::bptree::cBpTreeNode<TKey>,TKey>::Insert(const TKey &,char *,unsigned int)'
          with
          [
              TKey=common::datatype::tuple::cTuple
          ]
  d:\skola\bakalarka\aplikace\ddl_procesor\ddl_procesor\ctable.h(610): note: see reference to function template instantiation 'bool dstruct::paged::bptree::cCommonBpTree<dstruct::paged::bptree::cBpTreeNode<TKey>,dstruct::paged::bptree::cBpTreeNode<TKey>,TKey>::Insert(const TKey &,char *,unsigned int)' being compiled
          with
          [
              TKey=common::datatype::tuple::cTuple
          ]
  d:\skola\bakalarka\aplikace\ddl_procesor\framework\dstruct\paged\b+tree\cb+tree.h(31): note: see reference to class template instantiation 'dstruct::paged::bptree::cCommonBpTree<dstruct::paged::bptree::cBpTreeNode<TKey>,dstruct::paged::bptree::cBpTreeNode<TKey>,TKey>' being compiled
          with
          [
              TKey=common::datatype::tuple::cTuple
          ]
  d:\skola\bakalarka\aplikace\ddl_procesor\framework\dstruct\paged\rtree\csignaturestorage.h(143): note: see reference to class template instantiation 'dstruct::paged::bptree::cBpTree<common::datatype::tuple::cTuple>' being compiled
d:\skola\bakalarka\aplikace\ddl_procesor\framework\dstruct\paged\b+tree\ccommonb+tree.h(1614): warning C4101: 'c1': unreferenced local variable
  d:\skola\bakalarka\aplikace\ddl_procesor\framework\dstruct\paged\b+tree\ccommonb+tree.h(1604): note: while compiling class template member function 'dstruct::paged::core::cTreeItemStream<TKey> *dstruct::paged::bptree::cCommonBpTree<dstruct::paged::bptree::cBpTreeNode<TKey>,dstruct::paged::bptree::cBpTreeNode<TKey>,TKey>::RangeQuery(const TKey &,const TKey &,dstruct::paged::cQueryProcStat *,int,unsigned int,dstruct::paged::core::cTreeItemStream<TKey> *,char *,bool *)'
          with
          [
              TKey=common::datatype::tuple::cTuple
          ]
  d:\skola\bakalarka\aplikace\ddl_procesor\framework\dstruct\paged\b+tree\ccommonb+tree.h(1082): note: see reference to function template instantiation 'dstruct::paged::core::cTreeItemStream<TKey> *dstruct::paged::bptree::cCommonBpTree<dstruct::paged::bptree::cBpTreeNode<TKey>,dstruct::paged::bptree::cBpTreeNode<TKey>,TKey>::RangeQuery(const TKey &,const TKey &,dstruct::paged::cQueryProcStat *,int,unsigned int,dstruct::paged::core::cTreeItemStream<TKey> *,char *,bool *)' being compiled
          with
          [
              TKey=common::datatype::tuple::cTuple
          ]
  d:\skola\bakalarka\aplikace\ddl_procesor\framework\dstruct\paged\b+tree\ccommonb+tree.h(956): note: while compiling class template member function 'dstruct::paged::bptree::cBpTreeNode<TKey> *dstruct::paged::bptree::cCommonBpTree<dstruct::paged::bptree::cBpTreeNode<TKey>,dstruct::paged::bptree::cBpTreeNode<TKey>,TKey>::SearchForRightOrderInInnerNode(const dstruct::paged::tNodeIndex,const dstruct::paged::tNodeIndex,unsigned int &,int &,dstruct::paged::tNodeIndex *,int *)'
          with
          [
              TKey=common::datatype::tuple::cTuple
          ]
d:\skola\bakalarka\aplikace\ddl_procesor\framework\common\memorystructures\chashtable.h(232): warning C4800: 'unsigned int': forcing value to bool 'true' or 'false' (performance warning)
  d:\skola\bakalarka\aplikace\ddl_procesor\framework\common\memorystructures\chashtable.h(216): note: while compiling class template member function 'bool common::memorystructures::cHashTable<TKey,cCharString>::Find(const TKey &,char *&) const'
          with
          [
              TKey=common::datatype::tuple::cTuple
          ]
  d:\skola\bakalarka\aplikace\ddl_procesor\framework\dstruct\paged\b+tree\ccommonb+tree.h(1077): note: see reference to function template instantiation 'bool common::memorystructures::cHashTable<TKey,cCharString>::Find(const TKey &,char *&) const' being compiled
          with
          [
              TKey=common::datatype::tuple::cTuple
          ]
  d:\skola\bakalarka\aplikace\ddl_procesor\framework\dstruct\paged\b+tree\ccommonb+tree.h(1077): note: see reference to class template instantiation 'common::memorystructures::cHashTable<TKey,cCharString>' being compiled
          with
          [
              TKey=common::datatype::tuple::cTuple
          ]
  d:\skola\bakalarka\aplikace\ddl_procesor\framework\dstruct\paged\b+tree\ccommonb+tree.h(1066): note: while compiling class template member function 'bool dstruct::paged::bptree::cCommonBpTree<dstruct::paged::bptree::cBpTreeNode<TKey>,dstruct::paged::bptree::cBpTreeNode<TKey>,TKey>::PointQuery(const TKey &,char *,dstruct::paged::cQueryProcStat *,int)'
          with
          [
              TKey=common::datatype::tuple::cTuple
          ]
  d:\skola\bakalarka\aplikace\ddl_procesor\framework\dstruct\paged\rtree\csignaturestorage.h(169): note: see reference to function template instantiation 'bool dstruct::paged::bptree::cCommonBpTree<dstruct::paged::bptree::cBpTreeNode<TKey>,dstruct::paged::bptree::cBpTreeNode<TKey>,TKey>::PointQuery(const TKey &,char *,dstruct::paged::cQueryProcStat *,int)' being compiled
          with
          [
              TKey=common::datatype::tuple::cTuple
          ]
d:\skola\bakalarka\aplikace\ddl_procesor\framework\dstruct\paged\core\ctreeitemstream.h(149): warning C4244: 'initializing': conversion from 'common::llong' to 'unsigned int', possible loss of data
  d:\skola\bakalarka\aplikace\ddl_procesor\framework\dstruct\paged\core\ctreeitemstream.h(148): note: while compiling class template member function 'bool dstruct::paged::core::cTreeItemStream<TKey>::Add(const char *)'
          with
          [
              TKey=common::datatype::tuple::cTuple
          ]
  d:\skola\bakalarka\aplikace\ddl_procesor\framework\dstruct\paged\b+tree\ccommonb+tree.h(1699): note: see reference to function template instantiation 'bool dstruct::paged::core::cTreeItemStream<TKey>::Add(const char *)' being compiled
          with
          [
              TKey=common::datatype::tuple::cTuple
          ]
  d:\skola\bakalarka\aplikace\ddl_procesor\framework\dstruct\paged\b+tree\ccommonb+tree.h(1627): note: see reference to class template instantiation 'dstruct::paged::core::cTreeItemStream<TKey>' being compiled
          with
          [
              TKey=common::datatype::tuple::cTuple
          ]
  d:\skola\bakalarka\aplikace\ddl_procesor\framework\dstruct\paged\b+tree\ccommonb+tree.h(1604): note: while compiling class template member function 'dstruct::paged::core::cTreeItemStream<TKey> *dstruct::paged::bptree::cCommonBpTree<dstruct::paged::bptree::cBpTreeNode<TKey>,dstruct::paged::bptree::cBpTreeNode<TKey>,TKey>::RangeQuery(const TKey &,const TKey &,dstruct::paged::cQueryProcStat *,int,unsigned int,dstruct::paged::core::cTreeItemStream<TKey> *,char *,bool *)'
          with
          [
              TKey=common::datatype::tuple::cTuple
          ]
  d:\skola\bakalarka\aplikace\ddl_procesor\framework\dstruct\paged\b+tree\ccommonb+tree.h(1082): note: see reference to function template instantiation 'dstruct::paged::core::cTreeItemStream<TKey> *dstruct::paged::bptree::cCommonBpTree<dstruct::paged::bptree::cBpTreeNode<TKey>,dstruct::paged::bptree::cBpTreeNode<TKey>,TKey>::RangeQuery(const TKey &,const TKey &,dstruct::paged::cQueryProcStat *,int,unsigned int,dstruct::paged::core::cTreeItemStream<TKey> *,char *,bool *)' being compiled
          with
          [
              TKey=common::datatype::tuple::cTuple
          ]
d:\skola\bakalarka\aplikace\ddl_procesor\framework\dstruct\paged\rtree\crtreenode.h(1126): warning C4018: '>=': signed/unsigned mismatch
  d:\skola\bakalarka\aplikace\ddl_procesor\framework\dstruct\paged\rtree\crtreenode.h(1097): note: while compiling class template member function 'bool dstruct::paged::rtree::cRTreeNode<common::datatype::tuple::cMBRectangle<common::datatype::tuple::cTuple>>::FindMbr_Ordered(const common::datatype::tuple::cTuple &,unsigned int &,const dstruct::paged::rtree::cRTreeOrderIndex<TKey> *)'
          with
          [
              TKey=common::datatype::tuple::cTuple
          ]
  d:\skola\bakalarka\aplikace\ddl_procesor\framework\dstruct\paged\rtree\ccommonrtree_insert.h(224): note: see reference to function template instantiation 'bool dstruct::paged::rtree::cRTreeNode<common::datatype::tuple::cMBRectangle<common::datatype::tuple::cTuple>>::FindMbr_Ordered(const common::datatype::tuple::cTuple &,unsigned int &,const dstruct::paged::rtree::cRTreeOrderIndex<TKey> *)' being compiled
          with
          [
              TKey=common::datatype::tuple::cTuple
          ]
  d:\skola\bakalarka\aplikace\ddl_procesor\framework\dstruct\paged\rtree\crtreenode.h(359): note: while compiling class template member function 'void dstruct::paged::rtree::cRTreeNode<common::datatype::tuple::cMBRectangle<common::datatype::tuple::cTuple>>::UpdateMbr(unsigned int,const char *)'
  d:\skola\bakalarka\aplikace\ddl_procesor\framework\dstruct\paged\rtree\ccommonrtree_insert.h(533): note: see reference to function template instantiation 'void dstruct::paged::rtree::cRTreeNode<common::datatype::tuple::cMBRectangle<common::datatype::tuple::cTuple>>::UpdateMbr(unsigned int,const char *)' being compiled
  d:\skola\bakalarka\aplikace\ddl_procesor\framework\dstruct\paged\rtree\ccommonrtree_insert.h(446): note: see reference to class template instantiation 'dstruct::paged::rtree::cRTreeNode<common::datatype::tuple::cMBRectangle<common::datatype::tuple::cTuple>>' being compiled
  d:\skola\bakalarka\aplikace\ddl_procesor\framework\dstruct\paged\rtree\ccommonrtree_insert.h(401): note: while compiling class template member function 'int dstruct::paged::rtree::cCommonRTree<common::datatype::tuple::cMBRectangle<common::datatype::tuple::cTuple>,TKey,dstruct::paged::rtree::cRTreeNode<common::datatype::tuple::cMBRectangle<common::datatype::tuple::cTuple>>,dstruct::paged::rtree::cRTreeLeafNode<TKey>>::Insert(const TKey &,char *)'
          with
          [
              TKey=common::datatype::tuple::cTuple
          ]
  d:\skola\bakalarka\aplikace\ddl_procesor\ddl_procesor\ctable.h(572): note: see reference to function template instantiation 'int dstruct::paged::rtree::cCommonRTree<common::datatype::tuple::cMBRectangle<common::datatype::tuple::cTuple>,TKey,dstruct::paged::rtree::cRTreeNode<common::datatype::tuple::cMBRectangle<common::datatype::tuple::cTuple>>,dstruct::paged::rtree::cRTreeLeafNode<TKey>>::Insert(const TKey &,char *)' being compiled
          with
          [
              TKey=common::datatype::tuple::cTuple
          ]
  d:\skola\bakalarka\aplikace\ddl_procesor\framework\dstruct\paged\rtree\crtree.h(37): note: see reference to class template instantiation 'dstruct::paged::rtree::cCommonRTree<common::datatype::tuple::cMBRectangle<common::datatype::tuple::cTuple>,TKey,dstruct::paged::rtree::cRTreeNode<common::datatype::tuple::cMBRectangle<common::datatype::tuple::cTuple>>,dstruct::paged::rtree::cRTreeLeafNode<TKey>>' being compiled
          with
          [
              TKey=common::datatype::tuple::cTuple
          ]
  d:\skola\bakalarka\aplikace\ddl_procesor\ddl_procesor\ctable.h(572): note: see reference to class template instantiation 'dstruct::paged::rtree::cRTree<TKey>' being compiled
          with
          [
              TKey=common::datatype::tuple::cTuple
          ]
d:\skola\bakalarka\aplikace\ddl_procesor\framework\dstruct\paged\rtree\crtreenode.h(1474): warning C4018: '<': signed/unsigned mismatch
  d:\skola\bakalarka\aplikace\ddl_procesor\framework\dstruct\paged\rtree\crtreenode.h(1463): note: while compiling class template member function 'void dstruct::paged::rtree::cRTreeNode<common::datatype::tuple::cMBRectangle<common::datatype::tuple::cTuple>>::InsertTupleOrder(dstruct::paged::rtree::cRTreeNode<common::datatype::tuple::cMBRectangle<common::datatype::tuple::cTuple>> *,dstruct::paged::rtree::cRTreeNode<common::datatype::tuple::cMBRectangle<common::datatype::tuple::cTuple>> *,char *,const dstruct::paged::tNodeIndex &,dstruct::paged::rtree::cRTreeNodeHeader<TMbr> *)'
          with
          [
              TMbr=common::datatype::tuple::cMBRectangle<common::datatype::tuple::cTuple>
          ]
  d:\skola\bakalarka\aplikace\ddl_procesor\framework\dstruct\paged\rtree\ccommonrtree_insert.h(332): note: see reference to function template instantiation 'void dstruct::paged::rtree::cRTreeNode<common::datatype::tuple::cMBRectangle<common::datatype::tuple::cTuple>>::InsertTupleOrder(dstruct::paged::rtree::cRTreeNode<common::datatype::tuple::cMBRectangle<common::datatype::tuple::cTuple>> *,dstruct::paged::rtree::cRTreeNode<common::datatype::tuple::cMBRectangle<common::datatype::tuple::cTuple>> *,char *,const dstruct::paged::tNodeIndex &,dstruct::paged::rtree::cRTreeNodeHeader<TMbr> *)' being compiled
          with
          [
              TMbr=common::datatype::tuple::cMBRectangle<common::datatype::tuple::cTuple>
          ]
d:\skola\bakalarka\aplikace\ddl_procesor\framework\dstruct\paged\rtree\crtreenode.h(1485): warning C4018: '<': signed/unsigned mismatch
d:\skola\bakalarka\aplikace\ddl_procesor\framework\dstruct\paged\rtree\crtreeleafnode.h(333): warning C4244: 'initializing': conversion from 'double' to 'unsigned int', possible loss of data
  d:\skola\bakalarka\aplikace\ddl_procesor\framework\dstruct\paged\rtree\crtreeleafnode.h(330): note: while compiling class template member function 'void dstruct::paged::rtree::cRTreeLeafNode<TKey>::Split_DivideMbr(dstruct::paged::rtree::cRTreeLeafNode<TKey> &,dstruct::paged::core::cNodeBuffers<TKey> *)'
          with
          [
              TKey=common::datatype::tuple::cTuple
          ]
  d:\skola\bakalarka\aplikace\ddl_procesor\framework\dstruct\paged\rtree\crtreeleafnode.h(262): note: see reference to function template instantiation 'void dstruct::paged::rtree::cRTreeLeafNode<TKey>::Split_DivideMbr(dstruct::paged::rtree::cRTreeLeafNode<TKey> &,dstruct::paged::core::cNodeBuffers<TKey> *)' being compiled
          with
          [
              TKey=common::datatype::tuple::cTuple
          ]
  d:\skola\bakalarka\aplikace\ddl_procesor\framework\dstruct\paged\rtree\crtreeleafnode.h(1564): note: while compiling class template member function 'void dstruct::paged::rtree::cRTreeLeafNode<TKey>::CreateMbr(char *,char *,dstruct::paged::core::cNodeBuffers<TKey> *) const'
          with
          [
              TKey=common::datatype::tuple::cTuple
          ]
  d:\skola\bakalarka\aplikace\ddl_procesor\framework\dstruct\paged\rtree\ccommonrtree_insert.h(104): note: see reference to function template instantiation 'void dstruct::paged::rtree::cRTreeLeafNode<TKey>::CreateMbr(char *,char *,dstruct::paged::core::cNodeBuffers<TKey> *) const' being compiled
          with
          [
              TKey=common::datatype::tuple::cTuple
          ]
  d:\skola\bakalarka\aplikace\ddl_procesor\framework\dstruct\paged\rtree\ccommonrtree_insert.h(72): note: while compiling class template member function 'void dstruct::paged::rtree::cCommonRTree<common::datatype::tuple::cMBRectangle<common::datatype::tuple::cTuple>,TKey,dstruct::paged::rtree::cRTreeNode<common::datatype::tuple::cMBRectangle<common::datatype::tuple::cTuple>>,dstruct::paged::rtree::cRTreeLeafNode<TKey>>::SplitLeafNode(TLeafNode *,const TKey &,dstruct::paged::tNodeIndex &,char *,dstruct::paged::rtree::cInsertBuffers<TKey> *)'
          with
          [
              TKey=common::datatype::tuple::cTuple,
              TLeafNode=dstruct::paged::rtree::cRTreeLeafNode<common::datatype::tuple::cTuple>
          ]
  d:\skola\bakalarka\aplikace\ddl_procesor\framework\dstruct\paged\rtree\ccommonrtree_insert.h(475): note: see reference to function template instantiation 'void dstruct::paged::rtree::cCommonRTree<common::datatype::tuple::cMBRectangle<common::datatype::tuple::cTuple>,TKey,dstruct::paged::rtree::cRTreeNode<common::datatype::tuple::cMBRectangle<common::datatype::tuple::cTuple>>,dstruct::paged::rtree::cRTreeLeafNode<TKey>>::SplitLeafNode(TLeafNode *,const TKey &,dstruct::paged::tNodeIndex &,char *,dstruct::paged::rtree::cInsertBuffers<TKey> *)' being compiled
          with
          [
              TKey=common::datatype::tuple::cTuple,
              TLeafNode=dstruct::paged::rtree::cRTreeLeafNode<common::datatype::tuple::cTuple>
          ]
d:\skola\bakalarka\aplikace\ddl_procesor\framework\dstruct\paged\core\ctreenode_ri.h(147): warning C4244: 'initializing': conversion from 'double' to 'common::ushort', possible loss of data
  d:\skola\bakalarka\aplikace\ddl_procesor\framework\dstruct\paged\core\ctreenode_ri.h(143): note: while compiling class template member function 'char *dstruct::paged::core::cTreeNode<TKey>::CreateSubNode(const char *,common::ushort,common::ushort)'
          with
          [
              TKey=common::datatype::tuple::cTuple
          ]
  d:\skola\bakalarka\aplikace\ddl_procesor\framework\dstruct\paged\core\ctreenode_ri.h(857): note: see reference to function template instantiation 'char *dstruct::paged::core::cTreeNode<TKey>::CreateSubNode(const char *,common::ushort,common::ushort)' being compiled
          with
          [
              TKey=common::datatype::tuple::cTuple
          ]
  d:\skola\bakalarka\aplikace\ddl_procesor\framework\dstruct\paged\b+tree\ccommonb+tree.h(196): note: while compiling class template member function 'bool dstruct::paged::bptree::cCommonBpTree<dstruct::paged::bptree::cBpTreeNode<TKey>,dstruct::paged::bptree::cBpTreeNode<TKey>,TKey>::Create(dstruct::paged::bptree::cBpTreeHeader<TKey> *,dstruct::paged::core::cQuickDB *)'
          with
          [
              TKey=common::datatype::tuple::cTuple
          ]
  d:\skola\bakalarka\aplikace\ddl_procesor\ddl_procesor\ccompletebtree.h(34): note: see reference to function template instantiation 'bool dstruct::paged::bptree::cCommonBpTree<dstruct::paged::bptree::cBpTreeNode<TKey>,dstruct::paged::bptree::cBpTreeNode<TKey>,TKey>::Create(dstruct::paged::bptree::cBpTreeHeader<TKey> *,dstruct::paged::core::cQuickDB *)' being compiled
          with
          [
              TKey=common::datatype::tuple::cTuple
          ]
  d:\skola\bakalarka\aplikace\ddl_procesor\framework\dstruct\paged\b+tree\ccommonb+tree.h(837): note: while compiling class template member function 'void dstruct::paged::bptree::cCommonBpTree<dstruct::paged::bptree::cBpTreeNode<TKey>,dstruct::paged::bptree::cBpTreeNode<TKey>,TKey>::Insert_pre(dstruct::paged::bptree::cInsertBuffers<TKey> *)'
          with
          [
              TKey=common::datatype::tuple::cTuple
          ]
  d:\skola\bakalarka\aplikace\ddl_procesor\framework\dstruct\paged\b+tree\ccommonb+tree.h(589): note: see reference to function template instantiation 'void dstruct::paged::bptree::cCommonBpTree<dstruct::paged::bptree::cBpTreeNode<TKey>,dstruct::paged::bptree::cBpTreeNode<TKey>,TKey>::Insert_pre(dstruct::paged::bptree::cInsertBuffers<TKey> *)' being compiled
          with
          [
              TKey=common::datatype::tuple::cTuple
          ]
d:\skola\bakalarka\aplikace\ddl_procesor\framework\dstruct\paged\core\ctreenode_ri.h(1092): warning C4800: 'dstruct::paged::core::sItemBuffers *': forcing value to bool 'true' or 'false' (performance warning)
  d:\skola\bakalarka\aplikace\ddl_procesor\framework\dstruct\paged\core\ctreenode_ri.h(1035): note: while compiling class template member function 'void dstruct::paged::core::cTreeNode<TKey>::ConsistencyTest(dstruct::paged::core::sItemBuffers *)'
          with
          [
              TKey=common::datatype::tuple::cTuple
          ]
  d:\skola\bakalarka\aplikace\ddl_procesor\framework\dstruct\paged\core\ctreenode_ri.h(897): note: see reference to function template instantiation 'void dstruct::paged::core::cTreeNode<TKey>::ConsistencyTest(dstruct::paged::core::sItemBuffers *)' being compiled
          with
          [
              TKey=common::datatype::tuple::cTuple
          ]
d:\skola\bakalarka\aplikace\ddl_procesor\framework\dstruct\paged\core\ctreenode_rebuild.h(902): warning C4800: 'dstruct::paged::core::sItemBuffers *': forcing value to bool 'true' or 'false' (performance warning)
  d:\skola\bakalarka\aplikace\ddl_procesor\framework\dstruct\paged\core\ctreenode_rebuild.h(881): note: while compiling class template member function 'char *dstruct::paged::core::cTreeNode<TKey>::Rebuild(common::ushort,const char *,dstruct::paged::core::cNodeBuffers<TKey> *)'
          with
          [
              TKey=common::datatype::tuple::cTuple
          ]
  d:\skola\bakalarka\aplikace\ddl_procesor\framework\dstruct\paged\core\ctreenode_ri.h(880): note: see reference to function template instantiation 'char *dstruct::paged::core::cTreeNode<TKey>::Rebuild(common::ushort,const char *,dstruct::paged::core::cNodeBuffers<TKey> *)' being compiled
          with
          [
              TKey=common::datatype::tuple::cTuple
          ]
d:\skola\bakalarka\aplikace\ddl_procesor\framework\dstruct\paged\core\ctreenode_rebuild.h(951): warning C4800: 'dstruct::paged::core::sItemBuffers *': forcing value to bool 'true' or 'false' (performance warning)
d:\skola\bakalarka\aplikace\ddl_procesor\framework\dstruct\paged\core\ctreenode_rebuild.h(960): warning C4018: '>=': signed/unsigned mismatch
d:\skola\bakalarka\aplikace\ddl_procesor\framework\dstruct\paged\rtree\crtreenode.h(1253): warning C4018: '<=': signed/unsigned mismatch
  d:\skola\bakalarka\aplikace\ddl_procesor\framework\dstruct\paged\rtree\crtreenode.h(1145): note: while compiling class template member function 'void dstruct::paged::rtree::cRTreeNode<common::datatype::tuple::cMBRectangle<common::datatype::tuple::cTuple>>::Find2DisjMbrs(char *,int)'
  d:\skola\bakalarka\aplikace\ddl_procesor\framework\dstruct\paged\rtree\crtreenode.h(444): note: see reference to function template instantiation 'void dstruct::paged::rtree::cRTreeNode<common::datatype::tuple::cMBRectangle<common::datatype::tuple::cTuple>>::Find2DisjMbrs(char *,int)' being compiled
  d:\skola\bakalarka\aplikace\ddl_procesor\framework\dstruct\paged\rtree\crtreenode.h(434): note: while compiling class template member function 'void dstruct::paged::rtree::cRTreeNode<common::datatype::tuple::cMBRectangle<common::datatype::tuple::cTuple>>::SplitDisMbrs(dstruct::paged::rtree::cRTreeNode<common::datatype::tuple::cMBRectangle<common::datatype::tuple::cTuple>> &)'
  d:\skola\bakalarka\aplikace\ddl_procesor\framework\dstruct\paged\rtree\crtreenode.h(382): note: see reference to function template instantiation 'void dstruct::paged::rtree::cRTreeNode<common::datatype::tuple::cMBRectangle<common::datatype::tuple::cTuple>>::SplitDisMbrs(dstruct::paged::rtree::cRTreeNode<common::datatype::tuple::cMBRectangle<common::datatype::tuple::cTuple>> &)' being compiled
  d:\skola\bakalarka\aplikace\ddl_procesor\framework\dstruct\paged\rtree\crtreenode.h(375): note: while compiling class template member function 'void dstruct::paged::rtree::cRTreeNode<common::datatype::tuple::cMBRectangle<common::datatype::tuple::cTuple>>::Split(dstruct::paged::rtree::cRTreeNode<common::datatype::tuple::cMBRectangle<common::datatype::tuple::cTuple>> &)'
  d:\skola\bakalarka\aplikace\ddl_procesor\framework\dstruct\paged\rtree\ccommonrtree_insert.h(320): note: see reference to function template instantiation 'void dstruct::paged::rtree::cRTreeNode<common::datatype::tuple::cMBRectangle<common::datatype::tuple::cTuple>>::Split(dstruct::paged::rtree::cRTreeNode<common::datatype::tuple::cMBRectangle<common::datatype::tuple::cTuple>> &)' being compiled
d:\skola\bakalarka\aplikace\ddl_procesor\framework\dstruct\paged\rtree\crtreeleafnode.h(690): warning C4244: 'initializing': conversion from 'double' to 'unsigned int', possible loss of data
  d:\skola\bakalarka\aplikace\ddl_procesor\framework\dstruct\paged\rtree\crtreeleafnode.h(684): note: while compiling class template member function 'void dstruct::paged::rtree::cRTreeLeafNode<TKey>::BuildTwoDisjNodes(dstruct::paged::rtree::cRTreeLeafNode<TKey> &,dstruct::paged::rtree::cRTreeLeafNode<TKey> &,char *,char *,dstruct::paged::core::cNodeBuffers<TKey> *,unsigned int,unsigned int)'
          with
          [
              TKey=common::datatype::tuple::cTuple
          ]
  d:\skola\bakalarka\aplikace\ddl_procesor\framework\dstruct\paged\rtree\crtreeleafnode.h(318): note: see reference to function template instantiation 'void dstruct::paged::rtree::cRTreeLeafNode<TKey>::BuildTwoDisjNodes(dstruct::paged::rtree::cRTreeLeafNode<TKey> &,dstruct::paged::rtree::cRTreeLeafNode<TKey> &,char *,char *,dstruct::paged::core::cNodeBuffers<TKey> *,unsigned int,unsigned int)' being compiled
          with
          [
              TKey=common::datatype::tuple::cTuple
          ]
  d:\skola\bakalarka\aplikace\ddl_procesor\framework\dstruct\paged\rtree\crtreeleafnode.h(305): note: while compiling class template member function 'void dstruct::paged::rtree::cRTreeLeafNode<TKey>::Split_CutLongest(dstruct::paged::rtree::cRTreeLeafNode<TKey> &,char *,char *,dstruct::paged::core::cNodeBuffers<TKey> *)'
          with
          [
              TKey=common::datatype::tuple::cTuple
          ]
  d:\skola\bakalarka\aplikace\ddl_procesor\framework\dstruct\paged\rtree\crtreeleafnode.h(253): note: see reference to function template instantiation 'void dstruct::paged::rtree::cRTreeLeafNode<TKey>::Split_CutLongest(dstruct::paged::rtree::cRTreeLeafNode<TKey> &,char *,char *,dstruct::paged::core::cNodeBuffers<TKey> *)' being compiled
          with
          [
              TKey=common::datatype::tuple::cTuple
          ]
d:\skola\bakalarka\aplikace\ddl_procesor\framework\dstruct\paged\rtree\crtreeleafnode.h(575): warning C4244: 'initializing': conversion from 'double' to 'unsigned int', possible loss of data
  d:\skola\bakalarka\aplikace\ddl_procesor\framework\dstruct\paged\rtree\crtreeleafnode.h(569): note: while compiling class template member function 'void dstruct::paged::rtree::cRTreeLeafNode<TKey>::BuildTwoDisjNodes_ri(dstruct::paged::rtree::cRTreeLeafNode<TKey> &,dstruct::paged::rtree::cRTreeLeafNode<TKey> &,dstruct::paged::core::cNodeBuffers<TKey> *,dstruct::paged::core::cNodeBuffers<TKey> *,common::uint,common::uint)'
          with
          [
              TKey=common::datatype::tuple::cTuple
          ]
  d:\skola\bakalarka\aplikace\ddl_procesor\framework\dstruct\paged\rtree\crtreeleafnode.h(291): note: see reference to function template instantiation 'void dstruct::paged::rtree::cRTreeLeafNode<TKey>::BuildTwoDisjNodes_ri(dstruct::paged::rtree::cRTreeLeafNode<TKey> &,dstruct::paged::rtree::cRTreeLeafNode<TKey> &,dstruct::paged::core::cNodeBuffers<TKey> *,dstruct::paged::core::cNodeBuffers<TKey> *,common::uint,common::uint)' being compiled
          with
          [
              TKey=common::datatype::tuple::cTuple
          ]
d:\skola\bakalarka\aplikace\ddl_procesor\framework\dstruct\paged\rtree\crtreeleafnode.h(1139): warning C4244: '-=': conversion from 'float' to 'unsigned int', possible loss of data
  d:\skola\bakalarka\aplikace\ddl_procesor\framework\dstruct\paged\rtree\crtreeleafnode.h(1123): note: while compiling class template member function 'bool dstruct::paged::rtree::cRTreeLeafNode<TKey>::DivideMbr(char *,char *,unsigned int,dstruct::paged::core::cNodeBuffers<TKey> *)'
          with
          [
              TKey=common::datatype::tuple::cTuple
          ]
  d:\skola\bakalarka\aplikace\ddl_procesor\framework\dstruct\paged\rtree\crtreeleafnode.h(344): note: see reference to function template instantiation 'bool dstruct::paged::rtree::cRTreeLeafNode<TKey>::DivideMbr(char *,char *,unsigned int,dstruct::paged::core::cNodeBuffers<TKey> *)' being compiled
          with
          [
              TKey=common::datatype::tuple::cTuple
          ]
d:\skola\bakalarka\aplikace\ddl_procesor\framework\dstruct\paged\rtree\crtreeleafnode.h(485): warning C4305: 'initializing': truncation from 'double' to 'float'
  d:\skola\bakalarka\aplikace\ddl_procesor\framework\dstruct\paged\rtree\crtreeleafnode.h(467): note: while compiling class template member function 'bool dstruct::paged::rtree::cRTreeLeafNode<TKey>::Split(char *,char *,unsigned int,unsigned int,common::datatype::tuple::tMbrSideSizeOrder *,char *,char *,char *,char *,dstruct::paged::core::cNodeBuffers<TKey> *)'
          with
          [
              TKey=common::datatype::tuple::cTuple
          ]
  d:\skola\bakalarka\aplikace\ddl_procesor\framework\dstruct\paged\rtree\crtreeleafnode.h(317): note: see reference to function template instantiation 'bool dstruct::paged::rtree::cRTreeLeafNode<TKey>::Split(char *,char *,unsigned int,unsigned int,common::datatype::tuple::tMbrSideSizeOrder *,char *,char *,char *,char *,dstruct::paged::core::cNodeBuffers<TKey> *)' being compiled
          with
          [
              TKey=common::datatype::tuple::cTuple
          ]
d:\skola\bakalarka\aplikace\ddl_procesor\framework\dstruct\paged\rtree\crtreeleafnode.h(486): warning C4305: 'initializing': truncation from 'double' to 'float'
d:\skola\bakalarka\aplikace\ddl_procesor\framework\dstruct\paged\rtree\crtreeleafnode.h(504): warning C4305: '-=': truncation from 'double' to 'float'
d:\skola\bakalarka\aplikace\ddl_procesor\framework\dstruct\paged\rtree\crtreeorderindex.h(181): warning C4996: 'strcpy': This function or variable may be unsafe. Consider using strcpy_s instead. To disable deprecation, use _CRT_SECURE_NO_WARNINGS. See online help for details.
  c:\program files (x86)\windows kits\10\include\10.0.10240.0\ucrt\string.h(119): note: see declaration of 'strcpy'
  d:\skola\bakalarka\aplikace\ddl_procesor\framework\dstruct\paged\rtree\crtreeorderindex.h(177): note: while compiling class template member function 'void dstruct::paged::rtree::cRTreeOrderIndex<TKey>::Init(dstruct::paged::rtree::cRTreeHeader<TKey> *,dstruct::paged::core::cQuickDB *)'
          with
          [
              TKey=common::datatype::tuple::cTuple
          ]
  d:\skola\bakalarka\aplikace\ddl_procesor\framework\dstruct\paged\rtree\crtreeorderindex.h(136): note: see reference to function template instantiation 'void dstruct::paged::rtree::cRTreeOrderIndex<TKey>::Init(dstruct::paged::rtree::cRTreeHeader<TKey> *,dstruct::paged::core::cQuickDB *)' being compiled
          with
          [
              TKey=common::datatype::tuple::cTuple
          ]
  d:\skola\bakalarka\aplikace\ddl_procesor\framework\dstruct\paged\rtree\ccommonrtree.h(216): note: while compiling class template member function 'dstruct::paged::rtree::cCommonRTree<common::datatype::tuple::cMBRectangle<common::datatype::tuple::cTuple>,TKey,dstruct::paged::rtree::cRTreeNode<common::datatype::tuple::cMBRectangle<common::datatype::tuple::cTuple>>,dstruct::paged::rtree::cRTreeLeafNode<TKey>>::~cCommonRTree(void)'
          with
          [
              TKey=common::datatype::tuple::cTuple
          ]
  d:\skola\bakalarka\aplikace\ddl_procesor\framework\dstruct\paged\rtree\crtree.h(52): note: see reference to function template instantiation 'dstruct::paged::rtree::cCommonRTree<common::datatype::tuple::cMBRectangle<common::datatype::tuple::cTuple>,TKey,dstruct::paged::rtree::cRTreeNode<common::datatype::tuple::cMBRectangle<common::datatype::tuple::cTuple>>,dstruct::paged::rtree::cRTreeLeafNode<TKey>>::~cCommonRTree(void)' being compiled
          with
          [
              TKey=common::datatype::tuple::cTuple
          ]
  d:\skola\bakalarka\aplikace\ddl_procesor\framework\dstruct\paged\rtree\crtree.h(52): note: while compiling class template member function 'dstruct::paged::rtree::cRTree<TKey>::cRTree(void)'
          with
          [
              TKey=common::datatype::tuple::cTuple
          ]
  d:\skola\bakalarka\aplikace\ddl_procesor\ddl_procesor\ccompletertree.h(39): note: see reference to function template instantiation 'dstruct::paged::rtree::cRTree<TKey>::cRTree(void)' being compiled
          with
          [
              TKey=common::datatype::tuple::cTuple
          ]
  d:\skola\bakalarka\aplikace\ddl_procesor\ddl_procesor\ccompletertree.h(25): note: while compiling class template member function 'bool cCompleteRTree<common::datatype::tuple::cTuple>::SetRTree(const char *,common::uint,common::datatype::tuple::cSpaceDescriptor *,common::uint,common::uint,bool,common::uint,common::uint,common::uint,unsigned int,unsigned int,bool,dstruct::paged::core::cQuickDB *)'
  d:\skola\bakalarka\aplikace\ddl_procesor\ddl_procesor\ccompletertree.h(20): note: see reference to function template instantiation 'bool cCompleteRTree<common::datatype::tuple::cTuple>::SetRTree(const char *,common::uint,common::datatype::tuple::cSpaceDescriptor *,common::uint,common::uint,bool,common::uint,common::uint,common::uint,unsigned int,unsigned int,bool,dstruct::paged::core::cQuickDB *)' being compiled
  d:\skola\bakalarka\aplikace\ddl_procesor\ddl_procesor\ccompletertree.h(19): note: while compiling class template member function 'cCompleteRTree<common::datatype::tuple::cTuple>::cCompleteRTree(const char *,int,common::uint,common::datatype::tuple::cSpaceDescriptor *,common::uint,common::uint,bool,common::uint,common::uint,common::uint,unsigned int,unsigned int,bool,dstruct::paged::core::cQuickDB *)'
  d:\skola\bakalarka\aplikace\ddl_procesor\ddl_procesor\ctable.h(236): note: see reference to function template instantiation 'cCompleteRTree<common::datatype::tuple::cTuple>::cCompleteRTree(const char *,int,common::uint,common::datatype::tuple::cSpaceDescriptor *,common::uint,common::uint,bool,common::uint,common::uint,common::uint,unsigned int,unsigned int,bool,dstruct::paged::core::cQuickDB *)' being compiled
  d:\skola\bakalarka\aplikace\ddl_procesor\ddl_procesor\ctable.h(236): note: see reference to class template instantiation 'cCompleteRTree<common::datatype::tuple::cTuple>' being compiled
d:\skola\bakalarka\aplikace\ddl_procesor\framework\dstruct\paged\rtree\crtreeorderindex.h(182): warning C4996: 'strcat': This function or variable may be unsafe. Consider using strcat_s instead. To disable deprecation, use _CRT_SECURE_NO_WARNINGS. See online help for details.
  c:\program files (x86)\windows kits\10\include\10.0.10240.0\ucrt\string.h(90): note: see declaration of 'strcat'
d:\skola\bakalarka\aplikace\ddl_procesor\framework\dstruct\paged\rtree\crtreeorderindex.h(185): warning C4996: 'strcpy': This function or variable may be unsafe. Consider using strcpy_s instead. To disable deprecation, use _CRT_SECURE_NO_WARNINGS. See online help for details.
  c:\program files (x86)\windows kits\10\include\10.0.10240.0\ucrt\string.h(119): note: see declaration of 'strcpy'
d:\skola\bakalarka\aplikace\ddl_procesor\framework\dstruct\paged\rtree\crtreeorderindex.h(186): warning C4996: 'strcat': This function or variable may be unsafe. Consider using strcat_s instead. To disable deprecation, use _CRT_SECURE_NO_WARNINGS. See online help for details.
  c:\program files (x86)\windows kits\10\include\10.0.10240.0\ucrt\string.h(90): note: see declaration of 'strcat'
d:\skola\bakalarka\aplikace\ddl_procesor\framework\dstruct\paged\core\ctreenode_ri.h(958): warning C4996: 'fopen': This function or variable may be unsafe. Consider using fopen_s instead. To disable deprecation, use _CRT_SECURE_NO_WARNINGS. See online help for details.
  c:\program files (x86)\windows kits\10\include\10.0.10240.0\ucrt\stdio.h(205): note: see declaration of 'fopen'
  d:\skola\bakalarka\aplikace\ddl_procesor\framework\dstruct\paged\core\ctreenode_ri.h(957): note: while compiling class template member function 'void dstruct::paged::core::cTreeNode<TKey>::Print2File(char *,dstruct::paged::core::sItemBuffers *,bool,common::ushort) const'
          with
          [
              TKey=common::datatype::tuple::cTuple
          ]
  d:\skola\bakalarka\aplikace\ddl_procesor\framework\dstruct\paged\core\ctreenode_ri.h(1092): note: see reference to function template instantiation 'void dstruct::paged::core::cTreeNode<TKey>::Print2File(char *,dstruct::paged::core::sItemBuffers *,bool,common::ushort) const' being compiled
          with
          [
              TKey=common::datatype::tuple::cTuple
          ]
d:\skola\bakalarka\aplikace\ddl_procesor\framework\dstruct\paged\core\ctreenode_ri.h(321): warning C4018: '>=': signed/unsigned mismatch
  d:\skola\bakalarka\aplikace\ddl_procesor\framework\dstruct\paged\core\ctreenode_ri.h(320): note: while compiling class template member function 'char *dstruct::paged::core::cTreeNode<TKey>::Replacement(common::ushort,short)'
          with
          [
              TKey=common::datatype::tuple::cTuple
          ]
  d:\skola\bakalarka\aplikace\ddl_procesor\framework\dstruct\paged\core\ctreenode_ri.h(182): note: see reference to function template instantiation 'char *dstruct::paged::core::cTreeNode<TKey>::Replacement(common::ushort,short)' being compiled
          with
          [
              TKey=common::datatype::tuple::cTuple
          ]
d:\skola\bakalarka\aplikace\ddl_procesor\framework\dstruct\paged\core\ctreenode_rebuild.h(676): warning C4800: 'dstruct::paged::core::sItemBuffers *': forcing value to bool 'true' or 'false' (performance warning)
  d:\skola\bakalarka\aplikace\ddl_procesor\framework\dstruct\paged\core\ctreenode_rebuild.h(667): note: while compiling class template member function 'void dstruct::paged::core::cTreeNode<TKey>::Rebuild(char *,const char *,char *,common::uint,dstruct::paged::core::cNodeBuffers<TKey> *)'
          with
          [
              TKey=common::datatype::tuple::cTuple
          ]
  d:\skola\bakalarka\aplikace\ddl_procesor\framework\dstruct\paged\core\ctreenode_rebuild.h(624): note: see reference to function template instantiation 'void dstruct::paged::core::cTreeNode<TKey>::Rebuild(char *,const char *,char *,common::uint,dstruct::paged::core::cNodeBuffers<TKey> *)' being compiled
          with
          [
              TKey=common::datatype::tuple::cTuple
          ]
d:\skola\bakalarka\aplikace\ddl_procesor\framework\dstruct\paged\core\ctreenode_rebuild.h(759): warning C4800: 'dstruct::paged::core::sItemBuffers *': forcing value to bool 'true' or 'false' (performance warning)
d:\skola\bakalarka\aplikace\ddl_procesor\framework\dstruct\paged\core\ctreenode_rebuild.h(685): warning C4996: 'fopen': This function or variable may be unsafe. Consider using fopen_s instead. To disable deprecation, use _CRT_SECURE_NO_WARNINGS. See online help for details.
  c:\program files (x86)\windows kits\10\include\10.0.10240.0\ucrt\stdio.h(205): note: see declaration of 'fopen'
d:\skola\bakalarka\aplikace\ddl_procesor\framework\dstruct\paged\core\ctreenode_rebuild.h(1042): warning C4996: 'fopen': This function or variable may be unsafe. Consider using fopen_s instead. To disable deprecation, use _CRT_SECURE_NO_WARNINGS. See online help for details.
  c:\program files (x86)\windows kits\10\include\10.0.10240.0\ucrt\stdio.h(205): note: see declaration of 'fopen'
  d:\skola\bakalarka\aplikace\ddl_procesor\framework\dstruct\paged\core\ctreenode_rebuild.h(1031): note: while compiling class template member function 'void dstruct::paged::core::cTreeNode<TKey>::NodeRebuild_Rtree(dstruct::paged::core::cNodeBuffers<TKey> *)'
          with
          [
              TKey=common::datatype::tuple::cTuple
          ]
  d:\skola\bakalarka\aplikace\ddl_procesor\framework\dstruct\paged\core\ctreenode_ri.h(934): note: see reference to function template instantiation 'void dstruct::paged::core::cTreeNode<TKey>::NodeRebuild_Rtree(dstruct::paged::core::cNodeBuffers<TKey> *)' being compiled
          with
          [
              TKey=common::datatype::tuple::cTuple
          ]
d:\skola\bakalarka\aplikace\ddl_procesor\framework\common\datatype\tuple\cmbrectangle.h(745): warning C4244: '=': conversion from 'double' to 'unsigned int', possible loss of data
  d:\skola\bakalarka\aplikace\ddl_procesor\framework\common\datatype\tuple\cmbrectangle.h(722): note: while compiling class template member function 'double common::datatype::tuple::cMBRectangle<common::datatype::tuple::cTuple>::VolumeNTuple(const char *,const char *,const common::datatype::tuple::cSpaceDescriptor *)'
  d:\skola\bakalarka\aplikace\ddl_procesor\framework\common\datatype\tuple\cmbrectangle.h(710): note: see reference to function template instantiation 'double common::datatype::tuple::cMBRectangle<common::datatype::tuple::cTuple>::VolumeNTuple(const char *,const char *,const common::datatype::tuple::cSpaceDescriptor *)' being compiled
  d:\skola\bakalarka\aplikace\ddl_procesor\framework\common\datatype\tuple\cmbrectangle.h(226): note: while compiling class template member function 'unsigned int common::datatype::tuple::cMBRectangle<common::datatype::tuple::cTuple>::GetLSize(common::uint,const common::datatype::cDTDescriptor *)'
  d:\skola\bakalarka\aplikace\ddl_procesor\framework\dstruct\paged\core\ctreenode.h(2010): note: see reference to function template instantiation 'unsigned int common::datatype::tuple::cMBRectangle<common::datatype::tuple::cTuple>::GetLSize(common::uint,const common::datatype::cDTDescriptor *)' being compiled
  d:\skola\bakalarka\aplikace\ddl_procesor\framework\common\datatype\tuple\cmbrectangle.h(348): note: while compiling class template member function 'void common::datatype::tuple::cMBRectangle<common::datatype::tuple::cTuple>::Resize(const common::datatype::tuple::cSpaceDescriptor *)'
  d:\skola\bakalarka\aplikace\ddl_procesor\framework\common\datatype\tuple\cmbrectangle.h(221): note: see reference to function template instantiation 'void common::datatype::tuple::cMBRectangle<common::datatype::tuple::cTuple>::Resize(const common::datatype::tuple::cSpaceDescriptor *)' being compiled
  d:\skola\bakalarka\aplikace\ddl_procesor\framework\common\datatype\tuple\cmbrectangle.h(220): note: while compiling class template member function 'common::datatype::tuple::cMBRectangle<common::datatype::tuple::cTuple>::cMBRectangle(const common::datatype::tuple::cSpaceDescriptor *)'
  d:\skola\bakalarka\aplikace\ddl_procesor\framework\dstruct\paged\b+tree\cb+treeheader.h(212): note: see reference to function template instantiation 'common::datatype::tuple::cMBRectangle<common::datatype::tuple::cTuple>::cMBRectangle(const common::datatype::tuple::cSpaceDescriptor *)' being compiled
  d:\skola\bakalarka\aplikace\ddl_procesor\framework\common\datatype\tuple\cmbrectangle.h(298): note: while compiling class template member function 'common::datatype::tuple::cTuple *common::datatype::tuple::cMBRectangle<common::datatype::tuple::cTuple>::GetLoTuple(void)'
  d:\skola\bakalarka\aplikace\ddl_procesor\framework\dstruct\paged\b+tree\ccommonb+tree.h(579): note: see reference to function template instantiation 'common::datatype::tuple::cTuple *common::datatype::tuple::cMBRectangle<common::datatype::tuple::cTuple>::GetLoTuple(void)' being compiled
  d:\skola\bakalarka\aplikace\ddl_procesor\framework\dstruct\paged\b+tree\ccommonb+tree.h(579): note: see reference to class template instantiation 'common::datatype::tuple::cMBRectangle<common::datatype::tuple::cTuple>' being compiled
  d:\skola\bakalarka\aplikace\ddl_procesor\framework\dstruct\paged\b+tree\ccommonb+tree.h(545): note: while compiling class template member function 'bool dstruct::paged::bptree::cCommonBpTree<dstruct::paged::bptree::cBpTreeNode<TKey>,dstruct::paged::bptree::cBpTreeNode<TKey>,TKey>::Insert(const TKey &,char *,unsigned int)'
          with
          [
              TKey=common::datatype::tuple::cTuple
          ]
  d:\skola\bakalarka\aplikace\ddl_procesor\ddl_procesor\ctable.h(610): note: see reference to function template instantiation 'bool dstruct::paged::bptree::cCommonBpTree<dstruct::paged::bptree::cBpTreeNode<TKey>,dstruct::paged::bptree::cBpTreeNode<TKey>,TKey>::Insert(const TKey &,char *,unsigned int)' being compiled
          with
          [
              TKey=common::datatype::tuple::cTuple
          ]
d:\skola\bakalarka\aplikace\ddl_procesor\framework\dstruct\paged\rtree\crtreeleafnode.h(837): warning C4244: 'initializing': conversion from 'float' to 'unsigned int', possible loss of data
  d:\skola\bakalarka\aplikace\ddl_procesor\framework\dstruct\paged\rtree\crtreeleafnode.h(835): note: while compiling class template member function 'bool dstruct::paged::rtree::cRTreeLeafNode<TKey>::FindTwoDisjMbrs(char *,char *,char *,char *,unsigned int,unsigned int,unsigned int,float,dstruct::paged::core::cNodeBuffers<TKey> *)'
          with
          [
              TKey=common::datatype::tuple::cTuple
          ]
  d:\skola\bakalarka\aplikace\ddl_procesor\framework\dstruct\paged\rtree\crtreeleafnode.h(495): note: see reference to function template instantiation 'bool dstruct::paged::rtree::cRTreeLeafNode<TKey>::FindTwoDisjMbrs(char *,char *,char *,char *,unsigned int,unsigned int,unsigned int,float,dstruct::paged::core::cNodeBuffers<TKey> *)' being compiled
          with
          [
              TKey=common::datatype::tuple::cTuple
          ]
  d:\skola\bakalarka\aplikace\ddl_procesor\framework\dstruct\paged\rtree\crtreeleafnode.h(439): note: while compiling class template member function 'void dstruct::paged::rtree::cRTreeLeafNode<TKey>::SplitDivideMbr_pre(common::memdatstruct::cMemoryBlock **,char **,char **,char **)'
          with
          [
              TKey=common::datatype::tuple::cTuple
          ]
  d:\skola\bakalarka\aplikace\ddl_procesor\framework\dstruct\paged\rtree\crtreeleafnode.h(338): note: see reference to function template instantiation 'void dstruct::paged::rtree::cRTreeLeafNode<TKey>::SplitDivideMbr_pre(common::memdatstruct::cMemoryBlock **,char **,char **,char **)' being compiled
          with
          [
              TKey=common::datatype::tuple::cTuple
          ]
d:\skola\bakalarka\aplikace\ddl_procesor\framework\dstruct\paged\rtree\crtreeleafnode.h(850): warning C4244: '-=': conversion from 'float' to 'unsigned int', possible loss of data
d:\skola\bakalarka\aplikace\ddl_procesor\framework\dstruct\paged\core\ctreenode_rebuild.h(589): warning C4018: '<': signed/unsigned mismatch
  d:\skola\bakalarka\aplikace\ddl_procesor\framework\dstruct\paged\core\ctreenode_rebuild.h(514): note: while compiling class template member function 'common::memorystructures::cLinkedList<dstruct::paged::core::sCoverRecord> *dstruct::paged::core::cTreeNode<TKey>::SplitToSubNodes(common::memorystructures::cLinkedList<dstruct::paged::core::sCoverRecord> *,common::uint,common::uint,dstruct::paged::core::cNodeBuffers<TKey> *)'
          with
          [
              TKey=common::datatype::tuple::cTuple
          ]
  d:\skola\bakalarka\aplikace\ddl_procesor\framework\dstruct\paged\core\ctreenode_rebuild.h(730): note: see reference to function template instantiation 'common::memorystructures::cLinkedList<dstruct::paged::core::sCoverRecord> *dstruct::paged::core::cTreeNode<TKey>::SplitToSubNodes(common::memorystructures::cLinkedList<dstruct::paged::core::sCoverRecord> *,common::uint,common::uint,dstruct::paged::core::cNodeBuffers<TKey> *)' being compiled
          with
          [
              TKey=common::datatype::tuple::cTuple
          ]
d:\skola\bakalarka\aplikace\ddl_procesor\framework\dstruct\paged\core\ctreenode_rebuild.h(591): warning C4018: '>': signed/unsigned mismatch
d:\skola\bakalarka\aplikace\ddl_procesor\framework\dstruct\paged\core\ctreenode_rebuild.h(1385): warning C4244: 'initializing': conversion from 'float' to 'unsigned int', possible loss of data
  d:\skola\bakalarka\aplikace\ddl_procesor\framework\dstruct\paged\core\ctreenode_rebuild.h(1379): note: while compiling class template member function 'int dstruct::paged::core::cTreeNode<TKey>::Rebuild_FindTwoDisjMbrs(common::uint,common::uint,common::uint,common::uint,float,dstruct::paged::core::cNodeBuffers<TKey> *)'
          with
          [
              TKey=common::datatype::tuple::cTuple
          ]
  d:\skola\bakalarka\aplikace\ddl_procesor\framework\dstruct\paged\core\ctreenode_rebuild.h(1346): note: see reference to function template instantiation 'int dstruct::paged::core::cTreeNode<TKey>::Rebuild_FindTwoDisjMbrs(common::uint,common::uint,common::uint,common::uint,float,dstruct::paged::core::cNodeBuffers<TKey> *)' being compiled
          with
          [
              TKey=common::datatype::tuple::cTuple
          ]
d:\skola\bakalarka\aplikace\ddl_procesor\framework\dstruct\paged\core\ctreenode_rebuild.h(1397): warning C4244: '-=': conversion from 'float' to 'unsigned int', possible loss of data
d:\skola\bakalarka\aplikace\ddl_procesor\framework\dstruct\paged\core\ctreenode_rebuild.h(1444): warning C4018: '<': signed/unsigned mismatch
d:\skola\bakalarka\aplikace\ddl_procesor\framework\dstruct\paged\core\ctreenode_rebuild.h(1444): warning C4018: '>=': signed/unsigned mismatch
d:\skola\bakalarka\aplikace\ddl_procesor\framework\dstruct\paged\core\ctreenode_rebuild.h(1272): warning C4244: 'argument': conversion from 'double' to 'common::ushort', possible loss of data
  d:\skola\bakalarka\aplikace\ddl_procesor\framework\dstruct\paged\core\ctreenode_rebuild.h(1266): note: while compiling class template member function 'void dstruct::paged::core::cTreeNode<TKey>::Rebuild_ComputeMasks(dstruct::paged::core::cNodeBuffers<TKey> *)'
          with
          [
              TKey=common::datatype::tuple::cTuple
          ]
  d:\skola\bakalarka\aplikace\ddl_procesor\framework\dstruct\paged\core\ctreenode_rebuild.h(1074): note: see reference to function template instantiation 'void dstruct::paged::core::cTreeNode<TKey>::Rebuild_ComputeMasks(dstruct::paged::core::cNodeBuffers<TKey> *)' being compiled
          with
          [
              TKey=common::datatype::tuple::cTuple
          ]
d:\skola\bakalarka\aplikace\ddl_procesor\framework\dstruct\paged\core\ctreenode_rebuild.h(1123): warning C4244: 'argument': conversion from 'double' to 'common::ushort', possible loss of data
  d:\skola\bakalarka\aplikace\ddl_procesor\framework\dstruct\paged\core\ctreenode_rebuild.h(1103): note: while compiling class template member function 'void dstruct::paged::core::cTreeNode<TKey>::Rebuild_Rtree(dstruct::paged::core::cNodeBuffers<TKey> *)'
          with
          [
              TKey=common::datatype::tuple::cTuple
          ]
  d:\skola\bakalarka\aplikace\ddl_procesor\framework\dstruct\paged\core\ctreenode_rebuild.h(1079): note: see reference to function template instantiation 'void dstruct::paged::core::cTreeNode<TKey>::Rebuild_Rtree(dstruct::paged::core::cNodeBuffers<TKey> *)' being compiled
          with
          [
              TKey=common::datatype::tuple::cTuple
          ]
d:\skola\bakalarka\aplikace\ddl_procesor\framework\dstruct\paged\core\ctreeitemstream.h(113): warning C4244: 'initializing': conversion from 'common::llong' to 'unsigned int', possible loss of data
  d:\skola\bakalarka\aplikace\ddl_procesor\framework\dstruct\paged\core\ctreeitemstream.h(112): note: while compiling class template member function 'bool dstruct::paged::core::cTreeItemStream<TKey>::Add(const TKey &,const char *)'
          with
          [
              TKey=cUInt
          ]
  d:\skola\bakalarka\aplikace\ddl_procesor\framework\dstruct\paged\b+tree\ccommonb+tree.h(1117): note: see reference to function template instantiation 'bool dstruct::paged::core::cTreeItemStream<TKey>::Add(const TKey &,const char *)' being compiled
          with
          [
              TKey=cUInt
          ]
d:\skola\bakalarka\aplikace\ddl_procesor\framework\dstruct\paged\rtree\crtreeleafnode.h(2062): warning C4018: '<=': signed/unsigned mismatch
  d:\skola\bakalarka\aplikace\ddl_procesor\framework\dstruct\paged\rtree\crtreeleafnode.h(2032): note: while compiling class template member function 'bool dstruct::paged::rtree::cRTreeLeafNode<TKey>::ScanLeafNode_Batch_ri(dstruct::paged::sBatchRQ *,cArray<cBitString_item> *,dstruct::paged::core::cTreeItemStream<TKey> *,common::uint,common::uint *,dstruct::paged::core::cNodeBuffers<TKey> *,dstruct::paged::cQueryProcStat *)'
          with
          [
              TKey=common::datatype::tuple::cTuple
          ]
  d:\skola\bakalarka\aplikace\ddl_procesor\framework\dstruct\paged\rtree\crtreeleafnode.h(1906): note: see reference to function template instantiation 'bool dstruct::paged::rtree::cRTreeLeafNode<TKey>::ScanLeafNode_Batch_ri(dstruct::paged::sBatchRQ *,cArray<cBitString_item> *,dstruct::paged::core::cTreeItemStream<TKey> *,common::uint,common::uint *,dstruct::paged::core::cNodeBuffers<TKey> *,dstruct::paged::cQueryProcStat *)' being compiled
          with
          [
              TKey=common::datatype::tuple::cTuple
          ]
  d:\skola\bakalarka\aplikace\ddl_procesor\framework\dstruct\paged\rtree\crtreeleafnode.h(1289): note: while compiling class template member function 'void dstruct::paged::rtree::cRTreeLeafNode<TKey>::DivideMbr_pre(common::memdatstruct::cMemoryBlock **,char **,char **,char **,char **)'
          with
          [
              TKey=common::datatype::tuple::cTuple
          ]
  d:\skola\bakalarka\aplikace\ddl_procesor\framework\dstruct\paged\rtree\crtreeleafnode.h(1133): note: see reference to function template instantiation 'void dstruct::paged::rtree::cRTreeLeafNode<TKey>::DivideMbr_pre(common::memdatstruct::cMemoryBlock **,char **,char **,char **,char **)' being compiled
          with
          [
              TKey=common::datatype::tuple::cTuple
          ]
d:\skola\bakalarka\aplikace\ddl_procesor\framework\dstruct\paged\rtree\crtreeleafnode.h(1975): warning C4996: 'fopen': This function or variable may be unsafe. Consider using fopen_s instead. To disable deprecation, use _CRT_SECURE_NO_WARNINGS. See online help for details.
  c:\program files (x86)\windows kits\10\include\10.0.10240.0\ucrt\stdio.h(205): note: see declaration of 'fopen'
  d:\skola\bakalarka\aplikace\ddl_procesor\framework\dstruct\paged\rtree\crtreeleafnode.h(1920): note: while compiling class template member function 'bool dstruct::paged::rtree::cRTreeLeafNode<TKey>::ScanLeafNode_Batch(dstruct::paged::sBatchRQ *,cArray<cBitString_item> *,dstruct::paged::core::cTreeItemStream<TKey> *,unsigned int,unsigned int *,dstruct::paged::core::cNodeBuffers<TKey> *,dstruct::paged::cQueryProcStat *)'
          with
          [
              TKey=common::datatype::tuple::cTuple
          ]
  d:\skola\bakalarka\aplikace\ddl_procesor\framework\dstruct\paged\rtree\crtreeleafnode.h(1902): note: see reference to function template instantiation 'bool dstruct::paged::rtree::cRTreeLeafNode<TKey>::ScanLeafNode_Batch(dstruct::paged::sBatchRQ *,cArray<cBitString_item> *,dstruct::paged::core::cTreeItemStream<TKey> *,unsigned int,unsigned int *,dstruct::paged::core::cNodeBuffers<TKey> *,dstruct::paged::cQueryProcStat *)' being compiled
          with
          [
              TKey=common::datatype::tuple::cTuple
          ]
d:\skola\bakalarka\aplikace\ddl_procesor\framework\dstruct\paged\rtree\crtreeleafnode.h(2113): warning C4018: '<': signed/unsigned mismatch
  d:\skola\bakalarka\aplikace\ddl_procesor\framework\dstruct\paged\rtree\crtreeleafnode.h(2105): note: while compiling class template member function 'void dstruct::paged::rtree::cRTreeLeafNode<TKey>::ScanLeafNode_Cartesian(dstruct::paged::sBatchRQ *,cArray<cBitString_item> **,dstruct::paged::core::cTreeItemStream<TKey> *,dstruct::paged::core::cNodeBuffers<TKey> *,dstruct::paged::cQueryProcStat *)'
          with
          [
              TKey=common::datatype::tuple::cTuple
          ]
  d:\skola\bakalarka\aplikace\ddl_procesor\framework\dstruct\paged\rtree\crtreeleafnode.h(1912): note: see reference to function template instantiation 'void dstruct::paged::rtree::cRTreeLeafNode<TKey>::ScanLeafNode_Cartesian(dstruct::paged::sBatchRQ *,cArray<cBitString_item> **,dstruct::paged::core::cTreeItemStream<TKey> *,dstruct::paged::core::cNodeBuffers<TKey> *,dstruct::paged::cQueryProcStat *)' being compiled
          with
          [
              TKey=common::datatype::tuple::cTuple
          ]
d:\skola\bakalarka\aplikace\ddl_procesor\ddl_procesor\ctable.h(288): warning C4715: 'cTable::CreateTable': not all control paths return a value
d:\skola\bakalarka\aplikace\ddl_procesor\ddl_procesor\ctable.h(385): warning C4715: 'cTable::CreateIndex': not all control paths return a value
d:\skola\bakalarka\aplikace\ddl_procesor\ddl_procesor\ctable.h(1900): warning C4172: returning address of local variable or temporary: bytes
d:\skola\bakalarka\aplikace\ddl_procesor\ddl_procesor\ctable.h(549): warning C4715: 'cTable::CreateClusteredTable': not all control paths return a value
d:\skola\bakalarka\aplikace\ddl_procesor\framework\common\datatype\tuple\chntuple.h(310): warning C4715: 'common::datatype::tuple::cHNTuple::Equal': not all control paths return a value
d:\skola\bakalarka\aplikace\ddl_procesor\framework\common\datatype\tuple\chntuple.h(330): warning C4715: 'common::datatype::tuple::cHNTuple::Equal': not all control paths return a value
     Creating library D:\skola\bakalarka\Aplikace\DDL_Procesor\x64\Debug\DDL_Procesor.lib and object D:\skola\bakalarka\Aplikace\DDL_Procesor\x64\Debug\DDL_Procesor.exp
  DDL_Procesor.vcxproj -> D:\skola\bakalarka\Aplikace\DDL_Procesor\x64\Debug\DDL_Procesor.exe
  DDL_Procesor.vcxproj -> D:\skola\bakalarka\Aplikace\DDL_Procesor\x64\Debug\DDL_Procesor.pdb (Full PDB)
