d:\skola\bakalarka\aplikace\ddl_procesor\framework\debug\framework.pdb
d:\skola\bakalarka\aplikace\ddl_procesor\framework\debug\framework.idb
d:\skola\bakalarka\aplikace\ddl_procesor\framework\debug\cnode.obj
d:\skola\bakalarka\aplikace\ddl_procesor\framework\debug\cnodecache.obj
d:\skola\bakalarka\aplikace\ddl_procesor\framework\debug\cnodeheader.obj
d:\skola\bakalarka\aplikace\ddl_procesor\framework\debug\cquerystatistics.obj
d:\skola\bakalarka\aplikace\ddl_procesor\framework\debug\cquickdb.obj
d:\skola\bakalarka\aplikace\ddl_procesor\framework\debug\ctreeheader.obj
d:\skola\bakalarka\aplikace\ddl_procesor\framework\debug\ctreenodeheader.obj
d:\skola\bakalarka\aplikace\ddl_procesor\framework\debug\ccudatimer.obj
d:\skola\bakalarka\aplikace\ddl_procesor\framework\debug\cgpuconst.obj
d:\skola\bakalarka\aplikace\ddl_procesor\framework\debug\cmemorymanagercuda.obj
d:\skola\bakalarka\aplikace\ddl_procesor\framework\debug\cqueryprocstat.obj
d:\skola\bakalarka\aplikace\ddl_procesor\framework\debug\crangequeryconfig.obj
d:\skola\bakalarka\aplikace\ddl_procesor\framework\debug\crangequerycontext.obj
d:\skola\bakalarka\aplikace\ddl_procesor\framework\debug\ccommonrtree.obj
d:\skola\bakalarka\aplikace\ddl_procesor\framework\debug\crtreeheader.obj
d:\skola\bakalarka\aplikace\ddl_procesor\framework\debug\crtreelog.obj
d:\skola\bakalarka\aplikace\ddl_procesor\framework\debug\csignaturecontroller.obj
d:\skola\bakalarka\aplikace\ddl_procesor\framework\debug\csignaturekey.obj
d:\skola\bakalarka\aplikace\ddl_procesor\framework\debug\csignaturerecord.obj
d:\skola\bakalarka\aplikace\ddl_procesor\framework\debug\csignaturestorage.obj
d:\skola\bakalarka\aplikace\ddl_procesor\framework\debug\cheapmemoryblock.obj
d:\skola\bakalarka\aplikace\ddl_procesor\framework\debug\cmemoryblock.obj
d:\skola\bakalarka\aplikace\ddl_procesor\framework\debug\cmemorymanager.obj
d:\skola\bakalarka\aplikace\ddl_procesor\framework\debug\meteredsection.obj
d:\skola\bakalarka\aplikace\ddl_procesor\framework\debug\carray.obj
d:\skola\bakalarka\aplikace\ddl_procesor\framework\debug\cexponentialrandomgenerator.obj
d:\skola\bakalarka\aplikace\ddl_procesor\framework\debug\cgaussrandomgenerator.obj
d:\skola\bakalarka\aplikace\ddl_procesor\framework\debug\cuniformrandomgenerator.obj
d:\skola\bakalarka\aplikace\ddl_procesor\framework\debug\ccharstream.obj
d:\skola\bakalarka\aplikace\ddl_procesor\framework\debug\cfilestream.obj
d:\skola\bakalarka\aplikace\ddl_procesor\framework\debug\ccounter.obj
d:\skola\bakalarka\aplikace\ddl_procesor\framework\debug\chistogram.obj
d:\skola\bakalarka\aplikace\ddl_procesor\framework\debug\cmemcheckutil.obj
d:\skola\bakalarka\aplikace\ddl_procesor\framework\debug\ctimer.obj
d:\skola\bakalarka\aplikace\ddl_procesor\framework\debug\cbucketheader.obj
d:\skola\bakalarka\aplikace\ddl_procesor\framework\debug\cbucketheaderstorage.obj
d:\skola\bakalarka\aplikace\ddl_procesor\framework\debug\ccachestatistics.obj
d:\skola\bakalarka\aplikace\ddl_procesor\framework\debug\cdstructheader.obj
d:\skola\bakalarka\aplikace\ddl_procesor\framework\debug\citembufferedsequentialstream.obj
d:\skola\bakalarka\aplikace\ddl_procesor\framework\debug\cmemorypool.obj
d:\skola\bakalarka\aplikace\ddl_procesor\framework\debug\ccodercommon.obj
d:\skola\bakalarka\aplikace\ddl_procesor\framework\debug\coder.obj
d:\skola\bakalarka\aplikace\ddl_procesor\framework\debug\cuniversalcodereliasdelta.obj
d:\skola\bakalarka\aplikace\ddl_procesor\framework\debug\cuniversalcodereliasfibonacci.obj
d:\skola\bakalarka\aplikace\ddl_procesor\framework\debug\cuniversalcoderfasteliasdelta.obj
d:\skola\bakalarka\aplikace\ddl_procesor\framework\debug\cuniversalcoderfasteliasfibonacci.obj
d:\skola\bakalarka\aplikace\ddl_procesor\framework\debug\cuniversalcoderfastfibonacci2.obj
d:\skola\bakalarka\aplikace\ddl_procesor\framework\debug\cuniversalcoderfastfibonacci3.obj
d:\skola\bakalarka\aplikace\ddl_procesor\framework\debug\cuniversalcoderfibonacci2.obj
d:\skola\bakalarka\aplikace\ddl_procesor\framework\debug\cuniversalcoderfibonacci3.obj
d:\skola\bakalarka\aplikace\ddl_procesor\framework\debug\cuniversalcoderfixedlength.obj
d:\skola\bakalarka\aplikace\ddl_procesor\framework\debug\csignature.obj
d:\skola\bakalarka\aplikace\ddl_procesor\framework\debug\cbasictype.obj
d:\skola\bakalarka\aplikace\ddl_procesor\framework\debug\cdatatype.obj
d:\skola\bakalarka\aplikace\ddl_procesor\framework\debug\cdtdescriptor.obj
d:\skola\bakalarka\aplikace\ddl_procesor\framework\debug\chntuple.obj
d:\skola\bakalarka\aplikace\ddl_procesor\framework\debug\cmbrsidesizeorder.obj
d:\skola\bakalarka\aplikace\ddl_procesor\framework\debug\cspacedescriptor.obj
d:\skola\bakalarka\aplikace\ddl_procesor\framework\debug\ctuple.obj
d:\skola\bakalarka\aplikace\ddl_procesor\framework\debug\cblocklinkedlist.obj
d:\skola\bakalarka\aplikace\ddl_procesor\framework\debug\cbitarray.obj
d:\skola\bakalarka\aplikace\ddl_procesor\framework\debug\cbitstring.obj
d:\skola\bakalarka\aplikace\ddl_procesor\framework\debug\ccommon.obj
d:\skola\bakalarka\aplikace\ddl_procesor\framework\debug\cfastbitarray.obj
d:\skola\bakalarka\aplikace\ddl_procesor\framework\debug\cmemory.obj
d:\skola\bakalarka\aplikace\ddl_procesor\framework\debug\cnumber.obj
d:\skola\bakalarka\aplikace\ddl_procesor\debug\framework.lib
d:\skola\bakalarka\aplikace\ddl_procesor\debug\framework.pdb
d:\skola\bakalarka\aplikace\ddl_procesor\framework\debug\framework.tlog\cl.command.1.tlog
d:\skola\bakalarka\aplikace\ddl_procesor\framework\debug\framework.tlog\cl.read.1.tlog
d:\skola\bakalarka\aplikace\ddl_procesor\framework\debug\framework.tlog\cl.write.1.tlog
d:\skola\bakalarka\aplikace\ddl_procesor\framework\debug\framework.tlog\lib-link.read.1.tlog
d:\skola\bakalarka\aplikace\ddl_procesor\framework\debug\framework.tlog\lib-link.write.1.tlog
d:\skola\bakalarka\aplikace\ddl_procesor\framework\debug\framework.tlog\lib.command.1.tlog
